Using pre-set license
Built from '2021.1/staging' branch; Version is '2021.1.2f1 (e5d502d80fbb) revision 15062274'; Using compiler version '192528614'; Build Type 'Release'
OS: 'Windows 10 Home; OS build 19043.1348; Version 2009; 64bit' Language: 'fr' Physical Memory: 16192 MB
BatchMode: 1, IsHumanControllingUs: 0, StartBugReporterOnCrash: 0, Is64bit: 1, IsPro: 0

 COMMAND LINE ARGUMENTS:
C:\Program Files\Unity\Hub\Editor\2021.1.2f1\Editor\Unity.exe
-adb2
-batchMode
-noUpm
-name
AssetImportWorker0
-projectPath
C:/Users/Mickaël/Desktop/0.14
-logFile
Logs/AssetImportWorker0.log
-srvPort
63542
Successfully changed project path to: C:/Users/Mickaël/Desktop/0.14
C:/Users/Mickaël/Desktop/0.14
Using Asset Import Pipeline V2.
Refreshing native plugins compatible for Editor in 89.89 ms, found 2 plugins.
Preloading 0 native plugins for Editor in 0.00 ms.
Initialize engine version: 2021.1.2f1 (e5d502d80fbb)
[Subsystems] Discovering subsystems at path C:/Program Files/Unity/Hub/Editor/2021.1.2f1/Editor/Data/Resources/UnitySubsystems
[Subsystems] Discovering subsystems at path C:/Users/Mickaël/Desktop/0.14/Assets
GfxDevice: creating device client; threaded=0; jobified=0
Direct3D:
    Version:  Direct3D 11.0 [level 11.1]
    Renderer: NVIDIA GeForce GTX 1650 (ID=0x1f91)
    Vendor:   NVIDIA
    VRAM:     3962 MB
    Driver:   27.21.14.5763
Shader 'Universal Render Pipeline/Particles/Lit': fallback shader 'Universal Render Pipeline/Particles/SimpleLit' not found
Initialize mono
Mono path[0] = 'C:/Program Files/Unity/Hub/Editor/2021.1.2f1/Editor/Data/Managed'
Mono path[1] = 'C:/Program Files/Unity/Hub/Editor/2021.1.2f1/Editor/Data/MonoBleedingEdge/lib/mono/unityjit'
Mono config path = 'C:/Program Files/Unity/Hub/Editor/2021.1.2f1/Editor/Data/MonoBleedingEdge/etc'
Using monoOptions --debugger-agent=transport=dt_socket,embedding=1,server=y,suspend=n,address=127.0.0.1:56988
Begin MonoManager ReloadAssembly
Registering precompiled unity dll's ...
Register platform support module: C:/Program Files/Unity/Hub/Editor/2021.1.2f1/Editor/Data/PlaybackEngines/WebGLSupport/UnityEditor.WebGL.Extensions.dll
Register platform support module: C:/Program Files/Unity/Hub/Editor/2021.1.2f1/Editor/Data/PlaybackEngines/WindowsStandaloneSupport/UnityEditor.WindowsStandalone.Extensions.dll
Registered in 0.007517 seconds.
Native extension for WindowsStandalone target not found
Native extension for WebGL target not found
Refreshing native plugins compatible for Editor in 96.64 ms, found 2 plugins.
Preloading 0 native plugins for Editor in 0.00 ms.
Mono: successfully reloaded assembly
- Completed reload, in  2.069 seconds
Platform modules already initialized, skipping
Registering precompiled user dll's ...
Registered in 0.007755 seconds.
Begin MonoManager ReloadAssembly
Native extension for WindowsStandalone target not found
Native extension for WebGL target not found
Refreshing native plugins compatible for Editor in 83.08 ms, found 2 plugins.
Preloading 0 native plugins for Editor in 0.00 ms.
Mono: successfully reloaded assembly
- Completed reload, in  1.833 seconds
Platform modules already initialized, skipping
========================================================================
Worker process is ready to serve import requests
Shader 'Universal Render Pipeline/Particles/Lit': fallback shader 'Universal Render Pipeline/Particles/SimpleLit' not found
Launched and connected shader compiler UnityShaderCompiler.exe after 0.08 seconds
Refreshing native plugins compatible for Editor in 1.21 ms, found 2 plugins.
Preloading 0 native plugins for Editor in 0.00 ms.
Unloading 3097 Unused Serialized files (Serialized files now loaded: 0)
System memory in use before: 140.2 MB.
System memory in use after: 140.4 MB.

Unloading 95 unused Assets to reduce memory usage. Loaded Objects now: 3542.
Total: 4.638400 ms (FindLiveObjects: 0.431700 ms CreateObjectMapping: 0.238700 ms MarkObjects: 3.738500 ms  DeleteObjects: 0.227800 ms)

========================================================================
Received Import Request.
  path: Assets/Materials/PlayerMaterial.mat
  artifactKey: Guid(2f8b71b0cd19d75418bc7cd0963c8b66) Importer(815301076,1909f56bfc062723c751e8b465ee728b)
Start importing Assets/Materials/PlayerMaterial.mat using Guid(2f8b71b0cd19d75418bc7cd0963c8b66) Importer(815301076,1909f56bfc062723c751e8b465ee728b)  -> (artifact id: '877bd74b75be464c8dadf7399b18c5e8') in 0.161359 seconds 
========================================================================
Received Import Request.
  Time since last request: 0.000381 seconds.
  path: Assets/Materials/GroundPark.mat
  artifactKey: Guid(8072548ffa965934eaa190a701328f3c) Importer(815301076,1909f56bfc062723c751e8b465ee728b)
Start importing Assets/Materials/GroundPark.mat using Guid(8072548ffa965934eaa190a701328f3c) Importer(815301076,1909f56bfc062723c751e8b465ee728b)  -> (artifact id: '78a8ab914576cda52ae424e4cf6f1290') in 0.034736 seconds 
========================================================================
Received Import Request.
  Time since last request: 0.000257 seconds.
  path: Assets/Materials/Sol.mat
  artifactKey: Guid(a3dd94f2e45d49745b25d0576a88a2af) Importer(815301076,1909f56bfc062723c751e8b465ee728b)
Start importing Assets/Materials/Sol.mat using Guid(a3dd94f2e45d49745b25d0576a88a2af) Importer(815301076,1909f56bfc062723c751e8b465ee728b)  -> (artifact id: '9d7103c56f0eb39bf5914d37eef152cb') in 0.023025 seconds 
========================================================================
Received Import Request.
  Time since last request: 0.000402 seconds.
  path: Assets/Materials/Passe 1.mat
  artifactKey: Guid(689f48d8130d1294a9e825eea53b637d) Importer(815301076,1909f56bfc062723c751e8b465ee728b)
Start importing Assets/Materials/Passe 1.mat using Guid(689f48d8130d1294a9e825eea53b637d) Importer(815301076,1909f56bfc062723c751e8b465ee728b)  -> (artifact id: 'a5d91d61a6e540c54598c42f596f7dac') in 0.025970 seconds 
========================================================================
Received Import Request.
  Time since last request: 0.000367 seconds.
  path: Assets/Materials/GroundPark 1.mat
  artifactKey: Guid(dc0c7d38ca0255e4ab8c4c2bf849710b) Importer(815301076,1909f56bfc062723c751e8b465ee728b)
Start importing Assets/Materials/GroundPark 1.mat using Guid(dc0c7d38ca0255e4ab8c4c2bf849710b) Importer(815301076,1909f56bfc062723c751e8b465ee728b)  -> (artifact id: 'bfaadedc99fea436e44c18dd02abdf46') in 0.035683 seconds 
========================================================================
Received Import Request.
  Time since last request: 0.000303 seconds.
  path: Assets/Materials/Direction.mat
  artifactKey: Guid(eaa31c283cfbc024499c92fcdb30a5b0) Importer(815301076,1909f56bfc062723c751e8b465ee728b)
Start importing Assets/Materials/Direction.mat using Guid(eaa31c283cfbc024499c92fcdb30a5b0) Importer(815301076,1909f56bfc062723c751e8b465ee728b)  -> (artifact id: 'dda6b9ab1b809c1d6f6ff79e2722b2a5') in 0.026763 seconds 
========================================================================
Received Import Request.
  Time since last request: 0.000373 seconds.
  path: Assets/Materials/GarretPosMat.mat
  artifactKey: Guid(daeb6fd1c27348a4cae8736515c5687f) Importer(815301076,1909f56bfc062723c751e8b465ee728b)
Start importing Assets/Materials/GarretPosMat.mat using Guid(daeb6fd1c27348a4cae8736515c5687f) Importer(815301076,1909f56bfc062723c751e8b465ee728b)  -> (artifact id: '123f50c1f6bbcd6ee8a598bfb33ea117') in 0.024328 seconds 
========================================================================
Received Import Request.
  Time since last request: 0.000291 seconds.
  path: Assets/Materials/BatMaterial.mat
  artifactKey: Guid(7b171c2dd73c2914e8637c9f45e4a825) Importer(815301076,1909f56bfc062723c751e8b465ee728b)
Start importing Assets/Materials/BatMaterial.mat using Guid(7b171c2dd73c2914e8637c9f45e4a825) Importer(815301076,1909f56bfc062723c751e8b465ee728b)  -> (artifact id: '4c26f36af6dc3c03c6b50d7a47818551') in 0.030422 seconds 
========================================================================
Received Import Request.
  Time since last request: 0.000469 seconds.
  path: Assets/Materials/Statue.mat
  artifactKey: Guid(0d01eb8e224e70a4091e63ff80c547a4) Importer(815301076,1909f56bfc062723c751e8b465ee728b)
Start importing Assets/Materials/Statue.mat using Guid(0d01eb8e224e70a4091e63ff80c547a4) Importer(815301076,1909f56bfc062723c751e8b465ee728b)  -> (artifact id: '2d7c7b26b579bf41be44d7f211786f4a') in 0.026277 seconds 
========================================================================
Received Import Request.
  Time since last request: 0.000150 seconds.
  path: Assets/Materials/LampMaterial 1.mat
  artifactKey: Guid(7778fef36658735459f28d8bab4509da) Importer(815301076,1909f56bfc062723c751e8b465ee728b)
Start importing Assets/Materials/LampMaterial 1.mat using Guid(7778fef36658735459f28d8bab4509da) Importer(815301076,1909f56bfc062723c751e8b465ee728b)  -> (artifact id: '2fbbaf502b85b2cf34d80755967f070b') in 0.026000 seconds 
========================================================================
Received Import Request.
  Time since last request: 0.000382 seconds.
  path: Assets/Materials/ArbreMaterial.mat
  artifactKey: Guid(d156b41bcaa297842a75ced941bd77ca) Importer(815301076,1909f56bfc062723c751e8b465ee728b)
Start importing Assets/Materials/ArbreMaterial.mat using Guid(d156b41bcaa297842a75ced941bd77ca) Importer(815301076,1909f56bfc062723c751e8b465ee728b)  -> (artifact id: 'f47ffbf9897880add8c5e5af91443d0a') in 0.040021 seconds 
========================================================================
Received Import Request.
  Time since last request: 0.000364 seconds.
  path: Assets/Materials/Water.mat
  artifactKey: Guid(854d4498f45324448b2f0437367b2058) Importer(815301076,1909f56bfc062723c751e8b465ee728b)
Start importing Assets/Materials/Water.mat using Guid(854d4498f45324448b2f0437367b2058) Importer(815301076,1909f56bfc062723c751e8b465ee728b)  -> (artifact id: 'a25e39f92cd0aa07a8c29ddbc255987e') in 0.028347 seconds 
========================================================================
Received Import Request.
  Time since last request: 0.000415 seconds.
  path: Assets/Materials/TerrainArbre.mat
  artifactKey: Guid(9b3f13cc1976d6544bf1da6ac4d254a5) Importer(815301076,1909f56bfc062723c751e8b465ee728b)
Start importing Assets/Materials/TerrainArbre.mat using Guid(9b3f13cc1976d6544bf1da6ac4d254a5) Importer(815301076,1909f56bfc062723c751e8b465ee728b)  -> (artifact id: 'adf2ce74b65a71056fa45aed30d046d8') in 0.024032 seconds 
========================================================================
Received Import Request.
  Time since last request: 0.000283 seconds.
  path: Assets/UniversalRenderPipelineAsset.asset
  artifactKey: Guid(418156dfd7e820c42b26c54c69e2fcda) Importer(815301076,1909f56bfc062723c751e8b465ee728b)
Start importing Assets/UniversalRenderPipelineAsset.asset using Guid(418156dfd7e820c42b26c54c69e2fcda) Importer(815301076,1909f56bfc062723c751e8b465ee728b)  -> (artifact id: '86d98c77c8f78504f2d2ae511a146807') in 0.069837 seconds 
========================================================================
Received Import Request.
  Time since last request: 0.000274 seconds.
  path: Assets/Materials/Fond.mat
  artifactKey: Guid(a9ec828fc7ad42843a8f8438423d6064) Importer(815301076,1909f56bfc062723c751e8b465ee728b)
Start importing Assets/Materials/Fond.mat using Guid(a9ec828fc7ad42843a8f8438423d6064) Importer(815301076,1909f56bfc062723c751e8b465ee728b)  -> (artifact id: '8a79dff6bdda7be69f77150342e6b967') in 0.033760 seconds 
========================================================================
Received Import Request.
  Time since last request: 0.000324 seconds.
  path: Assets/UniversalRenderPipelineAsset_Renderer.asset
  artifactKey: Guid(775cbdebe1930d54687de0c6c8923deb) Importer(815301076,1909f56bfc062723c751e8b465ee728b)
Start importing Assets/UniversalRenderPipelineAsset_Renderer.asset using Guid(775cbdebe1930d54687de0c6c8923deb) Importer(815301076,1909f56bfc062723c751e8b465ee728b)  -> (artifact id: '9715a400cb554b1db43aff236365958d') in 0.042842 seconds 
========================================================================
Received Import Request.
  Time since last request: 0.000334 seconds.
  path: Assets/Materials/AnomMatérial.mat
  artifactKey: Guid(d41e376bcc176f14ebbf291ba17c5c30) Importer(815301076,1909f56bfc062723c751e8b465ee728b)
Start importing Assets/Materials/AnomMatérial.mat using Guid(d41e376bcc176f14ebbf291ba17c5c30) Importer(815301076,1909f56bfc062723c751e8b465ee728b)  -> (artifact id: '0cdf795e665b83205a95b2468aa1b347') in 0.024423 seconds 
========================================================================
Received Import Request.
  Time since last request: 0.000282 seconds.
  path: Assets/Materials/Passe.mat
  artifactKey: Guid(a04d17ef743ef8747b25755d4dd82efd) Importer(815301076,1909f56bfc062723c751e8b465ee728b)
Start importing Assets/Materials/Passe.mat using Guid(a04d17ef743ef8747b25755d4dd82efd) Importer(815301076,1909f56bfc062723c751e8b465ee728b)  -> (artifact id: '45c74f2cefd5c42e2ce96351a0de1f2e') in 0.022079 seconds 
========================================================================
Received Import Request.
  Time since last request: 197.327861 seconds.
  path: Assets/Ressources/Name Smile.otf
  artifactKey: Guid(d4a20a13590da1043b7b5f312e16abe4) Importer(815301076,1909f56bfc062723c751e8b465ee728b)
Start importing Assets/Ressources/Name Smile.otf using Guid(d4a20a13590da1043b7b5f312e16abe4) Importer(815301076,1909f56bfc062723c751e8b465ee728b)  -> (artifact id: '7bc0950dc3f20e632402f8ed3379da8d') in 0.050559 seconds 
========================================================================
Received Prepare
Shader 'Universal Render Pipeline/Particles/Lit': fallback shader 'Universal Render Pipeline/Particles/SimpleLit' not found
Refreshing native plugins compatible for Editor in 6.33 ms, found 2 plugins.
Preloading 0 native plugins for Editor in 0.00 ms.
Unloading 58 Unused Serialized files (Serialized files now loaded: 0)
System memory in use before: 80.8 MB.
System memory in use after: 81.0 MB.

Unloading 10 unused Assets to reduce memory usage. Loaded Objects now: 3635.
Total: 6.614900 ms (FindLiveObjects: 0.772200 ms CreateObjectMapping: 0.520600 ms MarkObjects: 5.201100 ms  DeleteObjects: 0.119000 ms)

========================================================================
Received Import Request.
  Time since last request: 850.873995 seconds.
  path: Assets/Ressources/Name Smile.otf
  artifactKey: Guid(d4a20a13590da1043b7b5f312e16abe4) Importer(815301076,1909f56bfc062723c751e8b465ee728b)
Start importing Assets/Ressources/Name Smile.otf using Guid(d4a20a13590da1043b7b5f312e16abe4) Importer(815301076,1909f56bfc062723c751e8b465ee728b)  -> (artifact id: '5a4dfd6e607c035e145157f430dee9b1') in 0.216847 seconds 
========================================================================
Received Prepare
Registering precompiled user dll's ...
Registered in 0.005430 seconds.
Begin MonoManager ReloadAssembly
Native extension for WindowsStandalone target not found
Native extension for WebGL target not found
Refreshing native plugins compatible for Editor in 1.26 ms, found 2 plugins.
Preloading 0 native plugins for Editor in 0.00 ms.
Warning: Annotation not found!
UnityEngine.StackTraceUtility:ExtractStackTrace ()
UnityEditor.ProBuilder.EditorUtility:SetGizmoIconEnabled (System.Type,bool) (at Library/PackageCache/com.unity.probuilder@5.0.1/Editor/EditorCore/EditorUtility.cs:575)
UnityEditor.ProBuilder.HierarchyListener:.cctor () (at Library/PackageCache/com.unity.probuilder@5.0.1/Editor/EditorCore/HierarchyListener.cs:21)
System.Runtime.CompilerServices.RuntimeHelpers:RunClassConstructor (System.RuntimeTypeHandle)
UnityEditor.EditorAssemblies:ProcessInitializeOnLoadAttributes (System.Type[])

[Library/PackageCache/com.unity.probuilder@5.0.1/Editor/EditorCore/EditorUtility.cs line 575]

Mono: successfully reloaded assembly
- Completed reload, in  1.820 seconds
Platform modules already initialized, skipping
Shader 'Universal Render Pipeline/Particles/Lit': fallback shader 'Universal Render Pipeline/Particles/SimpleLit' not found
Refreshing native plugins compatible for Editor in 1.16 ms, found 2 plugins.
Preloading 0 native plugins for Editor in 0.00 ms.
Unloading 3007 Unused Serialized files (Serialized files now loaded: 0)
System memory in use before: 141.8 MB.
System memory in use after: 142.0 MB.

Unloading 15 unused Assets to reduce memory usage. Loaded Objects now: 3703.
Total: 6.685700 ms (FindLiveObjects: 0.452100 ms CreateObjectMapping: 0.322200 ms MarkObjects: 5.732500 ms  DeleteObjects: 0.177000 ms)

========================================================================
Received Prepare
Registering precompiled user dll's ...
Registered in 0.006876 seconds.
Begin MonoManager ReloadAssembly
Native extension for WindowsStandalone target not found
Native extension for WebGL target not found
Refreshing native plugins compatible for Editor in 1.21 ms, found 2 plugins.
Preloading 0 native plugins for Editor in 0.00 ms.
Warning: Annotation not found!
UnityEngine.StackTraceUtility:ExtractStackTrace ()
UnityEditor.ProBuilder.EditorUtility:SetGizmoIconEnabled (System.Type,bool) (at Library/PackageCache/com.unity.probuilder@5.0.1/Editor/EditorCore/EditorUtility.cs:575)
UnityEditor.ProBuilder.HierarchyListener:.cctor () (at Library/PackageCache/com.unity.probuilder@5.0.1/Editor/EditorCore/HierarchyListener.cs:21)
System.Runtime.CompilerServices.RuntimeHelpers:RunClassConstructor (System.RuntimeTypeHandle)
UnityEditor.EditorAssemblies:ProcessInitializeOnLoadAttributes (System.Type[])

[Library/PackageCache/com.unity.probuilder@5.0.1/Editor/EditorCore/EditorUtility.cs line 575]

Mono: successfully reloaded assembly
- Completed reload, in  1.594 seconds
Platform modules already initialized, skipping
Shader 'Universal Render Pipeline/Particles/Lit': fallback shader 'Universal Render Pipeline/Particles/SimpleLit' not found
Refreshing native plugins compatible for Editor in 1.09 ms, found 2 plugins.
Preloading 0 native plugins for Editor in 0.00 ms.
Unloading 3006 Unused Serialized files (Serialized files now loaded: 0)
System memory in use before: 141.8 MB.
System memory in use after: 142.0 MB.

Unloading 15 unused Assets to reduce memory usage. Loaded Objects now: 3705.
Total: 4.801500 ms (FindLiveObjects: 0.573500 ms CreateObjectMapping: 0.169300 ms MarkObjects: 3.958200 ms  DeleteObjects: 0.098600 ms)

========================================================================
Received Prepare
Registering precompiled user dll's ...
Registered in 0.007632 seconds.
Begin MonoManager ReloadAssembly
Native extension for WindowsStandalone target not found
Native extension for WebGL target not found
Refreshing native plugins compatible for Editor in 0.66 ms, found 2 plugins.
Preloading 0 native plugins for Editor in 0.00 ms.
Warning: Annotation not found!
UnityEngine.StackTraceUtility:ExtractStackTrace ()
UnityEditor.ProBuilder.EditorUtility:SetGizmoIconEnabled (System.Type,bool) (at Library/PackageCache/com.unity.probuilder@5.0.1/Editor/EditorCore/EditorUtility.cs:575)
UnityEditor.ProBuilder.HierarchyListener:.cctor () (at Library/PackageCache/com.unity.probuilder@5.0.1/Editor/EditorCore/HierarchyListener.cs:21)
System.Runtime.CompilerServices.RuntimeHelpers:RunClassConstructor (System.RuntimeTypeHandle)
UnityEditor.EditorAssemblies:ProcessInitializeOnLoadAttributes (System.Type[])

[Library/PackageCache/com.unity.probuilder@5.0.1/Editor/EditorCore/EditorUtility.cs line 575]

Mono: successfully reloaded assembly
- Completed reload, in  1.474 seconds
Platform modules already initialized, skipping
Shader 'Universal Render Pipeline/Particles/Lit': fallback shader 'Universal Render Pipeline/Particles/SimpleLit' not found
Refreshing native plugins compatible for Editor in 0.71 ms, found 2 plugins.
Preloading 0 native plugins for Editor in 0.00 ms.
Unloading 3006 Unused Serialized files (Serialized files now loaded: 0)
System memory in use before: 141.8 MB.
System memory in use after: 142.0 MB.

Unloading 15 unused Assets to reduce memory usage. Loaded Objects now: 3707.
Total: 6.485900 ms (FindLiveObjects: 0.421300 ms CreateObjectMapping: 0.232100 ms MarkObjects: 5.745000 ms  DeleteObjects: 0.086100 ms)

========================================================================
Received Import Request.
  Time since last request: 3050.918549 seconds.
  path: Assets/Ressources/coded-data.gif
  artifactKey: Guid(bde4e35933fd4f94b9defee9dde2e161) Importer(815301076,1909f56bfc062723c751e8b465ee728b)
Start importing Assets/Ressources/coded-data.gif using Guid(bde4e35933fd4f94b9defee9dde2e161) Importer(815301076,1909f56bfc062723c751e8b465ee728b)  -> (artifact id: 'c6778007d3644bb5c29d94df7e653196') in 0.079605 seconds 
========================================================================
Received Import Request.
  Time since last request: 17.233450 seconds.
  path: Assets/Ressources/coded-data.gif
  artifactKey: Guid(bde4e35933fd4f94b9defee9dde2e161) Importer(815301076,1909f56bfc062723c751e8b465ee728b)
Start importing Assets/Ressources/coded-data.gif using Guid(bde4e35933fd4f94b9defee9dde2e161) Importer(815301076,1909f56bfc062723c751e8b465ee728b)  -> (artifact id: 'eb933970d17e414380f05b55e0083370') in 0.045864 seconds 
========================================================================
Received Import Request.
  Time since last request: 233.792837 seconds.
  path: Assets/Materials
  artifactKey: Guid(1ab0f4de9e5d7754d8731cee99377d52) Importer(815301076,1909f56bfc062723c751e8b465ee728b)
Start importing Assets/Materials using Guid(1ab0f4de9e5d7754d8731cee99377d52) Importer(815301076,1909f56bfc062723c751e8b465ee728b)  -> (artifact id: 'e180500dc3be3a2edd5e09496addc672') in 0.011709 seconds 
========================================================================
Received Import Request.
  Time since last request: 7.199883 seconds.
  path: Assets/Materials/cryptage.mat
  artifactKey: Guid(eed9d43b1b3382e47880617c2d499341) Importer(815301076,1909f56bfc062723c751e8b465ee728b)
Start importing Assets/Materials/cryptage.mat using Guid(eed9d43b1b3382e47880617c2d499341) Importer(815301076,1909f56bfc062723c751e8b465ee728b)  -> (artifact id: '5c4389a893c0c8cc783b96ed87d816dd') in 0.199324 seconds 
========================================================================
Received Import Request.
  Time since last request: 211.349641 seconds.
  path: Assets/UniversalRenderPipelineAsset.asset
  artifactKey: Guid(418156dfd7e820c42b26c54c69e2fcda) Importer(815301076,1909f56bfc062723c751e8b465ee728b)
Start importing Assets/UniversalRenderPipelineAsset.asset using Guid(418156dfd7e820c42b26c54c69e2fcda) Importer(815301076,1909f56bfc062723c751e8b465ee728b)  -> (artifact id: 'e5618132ecac10c31ce44dec4e440ed1') in 0.014161 seconds 
========================================================================
Received Prepare
Registering precompiled user dll's ...
Registered in 0.006744 seconds.
Begin MonoManager ReloadAssembly
Native extension for WindowsStandalone target not found
Native extension for WebGL target not found
Refreshing native plugins compatible for Editor in 0.79 ms, found 2 plugins.
Preloading 0 native plugins for Editor in 0.00 ms.
Warning: Annotation not found!
UnityEngine.StackTraceUtility:ExtractStackTrace ()
UnityEditor.ProBuilder.EditorUtility:SetGizmoIconEnabled (System.Type,bool) (at Library/PackageCache/com.unity.probuilder@5.0.1/Editor/EditorCore/EditorUtility.cs:575)
UnityEditor.ProBuilder.HierarchyListener:.cctor () (at Library/PackageCache/com.unity.probuilder@5.0.1/Editor/EditorCore/HierarchyListener.cs:21)
System.Runtime.CompilerServices.RuntimeHelpers:RunClassConstructor (System.RuntimeTypeHandle)
UnityEditor.EditorAssemblies:ProcessInitializeOnLoadAttributes (System.Type[])

[Library/PackageCache/com.unity.probuilder@5.0.1/Editor/EditorCore/EditorUtility.cs line 575]

Mono: successfully reloaded assembly
- Completed reload, in  1.555 seconds
Platform modules already initialized, skipping
Shader 'Universal Render Pipeline/Particles/Lit': fallback shader 'Universal Render Pipeline/Particles/SimpleLit' not found
Refreshing native plugins compatible for Editor in 0.64 ms, found 2 plugins.
Preloading 0 native plugins for Editor in 0.00 ms.
Unloading 3009 Unused Serialized files (Serialized files now loaded: 0)
System memory in use before: 143.0 MB.
System memory in use after: 143.2 MB.

Unloading 16 unused Assets to reduce memory usage. Loaded Objects now: 3779.
Total: 4.950700 ms (FindLiveObjects: 0.505500 ms CreateObjectMapping: 0.291900 ms MarkObjects: 3.752300 ms  DeleteObjects: 0.399400 ms)

========================================================================
Received Import Request.
  Time since last request: 8.007680 seconds.
  path: Assets/DestroyOnCTuto.cs
  artifactKey: Guid(49ff95ae6155aac4d9a4b9d860a11718) Importer(815301076,1909f56bfc062723c751e8b465ee728b)
Start importing Assets/DestroyOnCTuto.cs using Guid(49ff95ae6155aac4d9a4b9d860a11718) Importer(815301076,1909f56bfc062723c751e8b465ee728b)  -> (artifact id: 'b236cdec24936226b25ac807ebfee2d1') in 0.025914 seconds 
========================================================================
Received Import Request.
  Time since last request: 334.905802 seconds.
  path: Assets/DestroyOnCTuto.cs
  artifactKey: Guid(49ff95ae6155aac4d9a4b9d860a11718) Importer(815301076,1909f56bfc062723c751e8b465ee728b)
Start importing Assets/DestroyOnCTuto.cs using Guid(49ff95ae6155aac4d9a4b9d860a11718) Importer(815301076,1909f56bfc062723c751e8b465ee728b)  -> (artifact id: '6cc9ac5d97a653d4ec991e73657eec6a') in 0.006382 seconds 
========================================================================
Received Prepare
Registering precompiled user dll's ...
Registered in 0.007378 seconds.
Begin MonoManager ReloadAssembly
Native extension for WindowsStandalone target not found
Native extension for WebGL target not found
Refreshing native plugins compatible for Editor in 0.70 ms, found 2 plugins.
Preloading 0 native plugins for Editor in 0.00 ms.
Warning: Annotation not found!
UnityEngine.StackTraceUtility:ExtractStackTrace ()
UnityEditor.ProBuilder.EditorUtility:SetGizmoIconEnabled (System.Type,bool) (at Library/PackageCache/com.unity.probuilder@5.0.1/Editor/EditorCore/EditorUtility.cs:575)
UnityEditor.ProBuilder.HierarchyListener:.cctor () (at Library/PackageCache/com.unity.probuilder@5.0.1/Editor/EditorCore/HierarchyListener.cs:21)
System.Runtime.CompilerServices.RuntimeHelpers:RunClassConstructor (System.RuntimeTypeHandle)
UnityEditor.EditorAssemblies:ProcessInitializeOnLoadAttributes (System.Type[])

[Library/PackageCache/com.unity.probuilder@5.0.1/Editor/EditorCore/EditorUtility.cs line 575]

Mono: successfully reloaded assembly
- Completed reload, in  1.606 seconds
Platform modules already initialized, skipping
Shader 'Universal Render Pipeline/Particles/Lit': fallback shader 'Universal Render Pipeline/Particles/SimpleLit' not found
Refreshing native plugins compatible for Editor in 0.70 ms, found 2 plugins.
Preloading 0 native plugins for Editor in 0.00 ms.
Unloading 3007 Unused Serialized files (Serialized files now loaded: 0)
System memory in use before: 142.9 MB.
System memory in use after: 143.1 MB.

Unloading 15 unused Assets to reduce memory usage. Loaded Objects now: 3781.
Total: 3.948200 ms (FindLiveObjects: 0.325600 ms CreateObjectMapping: 0.094800 ms MarkObjects: 3.442700 ms  DeleteObjects: 0.083900 ms)

========================================================================
Received Import Request.
  Time since last request: 35.100351 seconds.
  path: Assets/DestroyOnCTuto1.cs
  artifactKey: Guid(4458ee3630adf2b4ba415be7cc7e7be3) Importer(815301076,1909f56bfc062723c751e8b465ee728b)
Start importing Assets/DestroyOnCTuto1.cs using Guid(4458ee3630adf2b4ba415be7cc7e7be3) Importer(815301076,1909f56bfc062723c751e8b465ee728b)  -> (artifact id: '938a41ca726738be54b6f05819702d0b') in 0.019993 seconds 
========================================================================
Received Import Request.
  Time since last request: 20.942915 seconds.
  path: Assets/DestroyOnCLevel1.cs
  artifactKey: Guid(4458ee3630adf2b4ba415be7cc7e7be3) Importer(815301076,1909f56bfc062723c751e8b465ee728b)
Start importing Assets/DestroyOnCLevel1.cs using Guid(4458ee3630adf2b4ba415be7cc7e7be3) Importer(815301076,1909f56bfc062723c751e8b465ee728b)  -> (artifact id: '76bbf32c12c52535df5836ba98854189') in 0.013917 seconds 
========================================================================
Received Prepare
Registering precompiled user dll's ...
Registered in 0.006065 seconds.
Begin MonoManager ReloadAssembly
Native extension for WindowsStandalone target not found
Native extension for WebGL target not found
Refreshing native plugins compatible for Editor in 1.19 ms, found 2 plugins.
Preloading 0 native plugins for Editor in 0.00 ms.
Warning: Annotation not found!
UnityEngine.StackTraceUtility:ExtractStackTrace ()
UnityEditor.ProBuilder.EditorUtility:SetGizmoIconEnabled (System.Type,bool) (at Library/PackageCache/com.unity.probuilder@5.0.1/Editor/EditorCore/EditorUtility.cs:575)
UnityEditor.ProBuilder.HierarchyListener:.cctor () (at Library/PackageCache/com.unity.probuilder@5.0.1/Editor/EditorCore/HierarchyListener.cs:21)
System.Runtime.CompilerServices.RuntimeHelpers:RunClassConstructor (System.RuntimeTypeHandle)
UnityEditor.EditorAssemblies:ProcessInitializeOnLoadAttributes (System.Type[])

[Library/PackageCache/com.unity.probuilder@5.0.1/Editor/EditorCore/EditorUtility.cs line 575]

Mono: successfully reloaded assembly
- Completed reload, in  1.738 seconds
Platform modules already initialized, skipping
Shader 'Universal Render Pipeline/Particles/Lit': fallback shader 'Universal Render Pipeline/Particles/SimpleLit' not found
Refreshing native plugins compatible for Editor in 0.69 ms, found 2 plugins.
Preloading 0 native plugins for Editor in 0.00 ms.
Unloading 3007 Unused Serialized files (Serialized files now loaded: 0)
System memory in use before: 142.9 MB.
System memory in use after: 143.1 MB.

Unloading 15 unused Assets to reduce memory usage. Loaded Objects now: 3783.
Total: 5.422700 ms (FindLiveObjects: 0.435800 ms CreateObjectMapping: 0.168400 ms MarkObjects: 4.676700 ms  DeleteObjects: 0.139600 ms)

========================================================================
Received Import Request.
  Time since last request: 43.176737 seconds.
  path: Assets/DestroyOnCLevel1.cs
  artifactKey: Guid(4458ee3630adf2b4ba415be7cc7e7be3) Importer(815301076,1909f56bfc062723c751e8b465ee728b)
Start importing Assets/DestroyOnCLevel1.cs using Guid(4458ee3630adf2b4ba415be7cc7e7be3) Importer(815301076,1909f56bfc062723c751e8b465ee728b)  -> (artifact id: 'c747296df9358f68a03a0673576d6c4c') in 0.014745 seconds 
========================================================================
Received Prepare
Registering precompiled user dll's ...
Registered in 0.005587 seconds.
Begin MonoManager ReloadAssembly
Native extension for WindowsStandalone target not found
Native extension for WebGL target not found
Refreshing native plugins compatible for Editor in 0.66 ms, found 2 plugins.
Preloading 0 native plugins for Editor in 0.00 ms.
Warning: Annotation not found!
UnityEngine.StackTraceUtility:ExtractStackTrace ()
UnityEditor.ProBuilder.EditorUtility:SetGizmoIconEnabled (System.Type,bool) (at Library/PackageCache/com.unity.probuilder@5.0.1/Editor/EditorCore/EditorUtility.cs:575)
UnityEditor.ProBuilder.HierarchyListener:.cctor () (at Library/PackageCache/com.unity.probuilder@5.0.1/Editor/EditorCore/HierarchyListener.cs:21)
System.Runtime.CompilerServices.RuntimeHelpers:RunClassConstructor (System.RuntimeTypeHandle)
UnityEditor.EditorAssemblies:ProcessInitializeOnLoadAttributes (System.Type[])

[Library/PackageCache/com.unity.probuilder@5.0.1/Editor/EditorCore/EditorUtility.cs line 575]

Mono: successfully reloaded assembly
- Completed reload, in  1.580 seconds
Platform modules already initialized, skipping
Shader 'Universal Render Pipeline/Particles/Lit': fallback shader 'Universal Render Pipeline/Particles/SimpleLit' not found
Refreshing native plugins compatible for Editor in 0.64 ms, found 2 plugins.
Preloading 0 native plugins for Editor in 0.00 ms.
Unloading 3008 Unused Serialized files (Serialized files now loaded: 0)
System memory in use before: 142.9 MB.
System memory in use after: 143.1 MB.

Unloading 15 unused Assets to reduce memory usage. Loaded Objects now: 3786.
Total: 5.536800 ms (FindLiveObjects: 0.419300 ms CreateObjectMapping: 0.222000 ms MarkObjects: 4.799000 ms  DeleteObjects: 0.094400 ms)

========================================================================
Received Import Request.
  Time since last request: 70.843687 seconds.
  path: Assets/DestroyOnCLevel1.cs
  artifactKey: Guid(4458ee3630adf2b4ba415be7cc7e7be3) Importer(815301076,1909f56bfc062723c751e8b465ee728b)
Start importing Assets/DestroyOnCLevel1.cs using Guid(4458ee3630adf2b4ba415be7cc7e7be3) Importer(815301076,1909f56bfc062723c751e8b465ee728b)  -> (artifact id: 'fdde901138cb5976234685904944d3cd') in 0.015767 seconds 
========================================================================
Received Prepare
Registering precompiled user dll's ...
Registered in 0.005834 seconds.
Begin MonoManager ReloadAssembly
Native extension for WindowsStandalone target not found
Native extension for WebGL target not found
Refreshing native plugins compatible for Editor in 0.66 ms, found 2 plugins.
Preloading 0 native plugins for Editor in 0.00 ms.
Warning: Annotation not found!
UnityEngine.StackTraceUtility:ExtractStackTrace ()
UnityEditor.ProBuilder.EditorUtility:SetGizmoIconEnabled (System.Type,bool) (at Library/PackageCache/com.unity.probuilder@5.0.1/Editor/EditorCore/EditorUtility.cs:575)
UnityEditor.ProBuilder.HierarchyListener:.cctor () (at Library/PackageCache/com.unity.probuilder@5.0.1/Editor/EditorCore/HierarchyListener.cs:21)
System.Runtime.CompilerServices.RuntimeHelpers:RunClassConstructor (System.RuntimeTypeHandle)
UnityEditor.EditorAssemblies:ProcessInitializeOnLoadAttributes (System.Type[])

[Library/PackageCache/com.unity.probuilder@5.0.1/Editor/EditorCore/EditorUtility.cs line 575]

Mono: successfully reloaded assembly
- Completed reload, in  1.504 seconds
Platform modules already initialized, skipping
Shader 'Universal Render Pipeline/Particles/Lit': fallback shader 'Universal Render Pipeline/Particles/SimpleLit' not found
Refreshing native plugins compatible for Editor in 0.64 ms, found 2 plugins.
Preloading 0 native plugins for Editor in 0.00 ms.
Unloading 3008 Unused Serialized files (Serialized files now loaded: 0)
System memory in use before: 143.0 MB.
System memory in use after: 143.2 MB.

Unloading 15 unused Assets to reduce memory usage. Loaded Objects now: 3788.
Total: 4.974200 ms (FindLiveObjects: 0.409400 ms CreateObjectMapping: 0.140400 ms MarkObjects: 4.327700 ms  DeleteObjects: 0.095300 ms)

========================================================================
Received Prepare
Registering precompiled user dll's ...
Registered in 0.007431 seconds.
Begin MonoManager ReloadAssembly
Native extension for WindowsStandalone target not found
Native extension for WebGL target not found
Refreshing native plugins compatible for Editor in 0.66 ms, found 2 plugins.
Preloading 0 native plugins for Editor in 0.00 ms.
Warning: Annotation not found!
UnityEngine.StackTraceUtility:ExtractStackTrace ()
UnityEditor.ProBuilder.EditorUtility:SetGizmoIconEnabled (System.Type,bool) (at Library/PackageCache/com.unity.probuilder@5.0.1/Editor/EditorCore/EditorUtility.cs:575)
UnityEditor.ProBuilder.HierarchyListener:.cctor () (at Library/PackageCache/com.unity.probuilder@5.0.1/Editor/EditorCore/HierarchyListener.cs:21)
System.Runtime.CompilerServices.RuntimeHelpers:RunClassConstructor (System.RuntimeTypeHandle)
UnityEditor.EditorAssemblies:ProcessInitializeOnLoadAttributes (System.Type[])

[Library/PackageCache/com.unity.probuilder@5.0.1/Editor/EditorCore/EditorUtility.cs line 575]

Mono: successfully reloaded assembly
- Completed reload, in  1.572 seconds
Platform modules already initialized, skipping
Shader 'Universal Render Pipeline/Particles/Lit': fallback shader 'Universal Render Pipeline/Particles/SimpleLit' not found
Refreshing native plugins compatible for Editor in 0.72 ms, found 2 plugins.
Preloading 0 native plugins for Editor in 0.00 ms.
Unloading 3008 Unused Serialized files (Serialized files now loaded: 0)
System memory in use before: 143.0 MB.
System memory in use after: 143.2 MB.

Unloading 15 unused Assets to reduce memory usage. Loaded Objects now: 3790.
Total: 4.544700 ms (FindLiveObjects: 0.346600 ms CreateObjectMapping: 0.099800 ms MarkObjects: 4.002000 ms  DeleteObjects: 0.095200 ms)

========================================================================
Received Import Request.
  Time since last request: 179.091984 seconds.
  path: Assets/DestroyOnCTuto1.cs
  artifactKey: Guid(4458ee3630adf2b4ba415be7cc7e7be3) Importer(815301076,1909f56bfc062723c751e8b465ee728b)
Start importing Assets/DestroyOnCTuto1.cs using Guid(4458ee3630adf2b4ba415be7cc7e7be3) Importer(815301076,1909f56bfc062723c751e8b465ee728b)  -> (artifact id: '5860daa3fee7efc49a90ff2aa12b3057') in 0.009933 seconds 
========================================================================
Received Prepare
Registering precompiled user dll's ...
Registered in 0.006973 seconds.
Begin MonoManager ReloadAssembly
Native extension for WindowsStandalone target not found
Native extension for WebGL target not found
Refreshing native plugins compatible for Editor in 0.73 ms, found 2 plugins.
Preloading 0 native plugins for Editor in 0.00 ms.
Warning: Annotation not found!
UnityEngine.StackTraceUtility:ExtractStackTrace ()
UnityEditor.ProBuilder.EditorUtility:SetGizmoIconEnabled (System.Type,bool) (at Library/PackageCache/com.unity.probuilder@5.0.1/Editor/EditorCore/EditorUtility.cs:575)
UnityEditor.ProBuilder.HierarchyListener:.cctor () (at Library/PackageCache/com.unity.probuilder@5.0.1/Editor/EditorCore/HierarchyListener.cs:21)
System.Runtime.CompilerServices.RuntimeHelpers:RunClassConstructor (System.RuntimeTypeHandle)
UnityEditor.EditorAssemblies:ProcessInitializeOnLoadAttributes (System.Type[])

[Library/PackageCache/com.unity.probuilder@5.0.1/Editor/EditorCore/EditorUtility.cs line 575]

Mono: successfully reloaded assembly
- Completed reload, in  1.741 seconds
Platform modules already initialized, skipping
Shader 'Universal Render Pipeline/Particles/Lit': fallback shader 'Universal Render Pipeline/Particles/SimpleLit' not found
Refreshing native plugins compatible for Editor in 1.19 ms, found 2 plugins.
Preloading 0 native plugins for Editor in 0.00 ms.
Unloading 3008 Unused Serialized files (Serialized files now loaded: 0)
System memory in use before: 143.0 MB.
System memory in use after: 143.2 MB.

Unloading 15 unused Assets to reduce memory usage. Loaded Objects now: 3792.
Total: 5.480200 ms (FindLiveObjects: 0.414800 ms CreateObjectMapping: 0.173000 ms MarkObjects: 4.798300 ms  DeleteObjects: 0.092200 ms)

========================================================================
Received Prepare
Registering precompiled user dll's ...
Registered in 0.005345 seconds.
Begin MonoManager ReloadAssembly
Native extension for WindowsStandalone target not found
Native extension for WebGL target not found
Refreshing native plugins compatible for Editor in 1.14 ms, found 2 plugins.
Preloading 0 native plugins for Editor in 0.00 ms.
Warning: Annotation not found!
UnityEngine.StackTraceUtility:ExtractStackTrace ()
UnityEditor.ProBuilder.EditorUtility:SetGizmoIconEnabled (System.Type,bool) (at Library/PackageCache/com.unity.probuilder@5.0.1/Editor/EditorCore/EditorUtility.cs:575)
UnityEditor.ProBuilder.HierarchyListener:.cctor () (at Library/PackageCache/com.unity.probuilder@5.0.1/Editor/EditorCore/HierarchyListener.cs:21)
System.Runtime.CompilerServices.RuntimeHelpers:RunClassConstructor (System.RuntimeTypeHandle)
UnityEditor.EditorAssemblies:ProcessInitializeOnLoadAttributes (System.Type[])

[Library/PackageCache/com.unity.probuilder@5.0.1/Editor/EditorCore/EditorUtility.cs line 575]

Mono: successfully reloaded assembly
- Completed reload, in  1.555 seconds
Platform modules already initialized, skipping
Shader 'Universal Render Pipeline/Particles/Lit': fallback shader 'Universal Render Pipeline/Particles/SimpleLit' not found
Refreshing native plugins compatible for Editor in 0.64 ms, found 2 plugins.
Preloading 0 native plugins for Editor in 0.00 ms.
Unloading 3008 Unused Serialized files (Serialized files now loaded: 0)
System memory in use before: 143.0 MB.
System memory in use after: 143.2 MB.

Unloading 15 unused Assets to reduce memory usage. Loaded Objects now: 3794.
Total: 6.172300 ms (FindLiveObjects: 0.475600 ms CreateObjectMapping: 0.257700 ms MarkObjects: 5.350700 ms  DeleteObjects: 0.086900 ms)

========================================================================
Received Prepare
Registering precompiled user dll's ...
Registered in 0.007547 seconds.
Begin MonoManager ReloadAssembly
Native extension for WindowsStandalone target not found
Native extension for WebGL target not found
Refreshing native plugins compatible for Editor in 0.85 ms, found 2 plugins.
Preloading 0 native plugins for Editor in 0.00 ms.
Warning: Annotation not found!
UnityEngine.StackTraceUtility:ExtractStackTrace ()
UnityEditor.ProBuilder.EditorUtility:SetGizmoIconEnabled (System.Type,bool) (at Library/PackageCache/com.unity.probuilder@5.0.1/Editor/EditorCore/EditorUtility.cs:575)
UnityEditor.ProBuilder.HierarchyListener:.cctor () (at Library/PackageCache/com.unity.probuilder@5.0.1/Editor/EditorCore/HierarchyListener.cs:21)
System.Runtime.CompilerServices.RuntimeHelpers:RunClassConstructor (System.RuntimeTypeHandle)
UnityEditor.EditorAssemblies:ProcessInitializeOnLoadAttributes (System.Type[])

[Library/PackageCache/com.unity.probuilder@5.0.1/Editor/EditorCore/EditorUtility.cs line 575]

Mono: successfully reloaded assembly
- Completed reload, in  1.467 seconds
Platform modules already initialized, skipping
Shader 'Universal Render Pipeline/Particles/Lit': fallback shader 'Universal Render Pipeline/Particles/SimpleLit' not found
Refreshing native plugins compatible for Editor in 0.77 ms, found 2 plugins.
Preloading 0 native plugins for Editor in 0.00 ms.
Unloading 3008 Unused Serialized files (Serialized files now loaded: 0)
System memory in use before: 143.0 MB.
System memory in use after: 143.2 MB.

Unloading 15 unused Assets to reduce memory usage. Loaded Objects now: 3796.
Total: 5.940200 ms (FindLiveObjects: 0.418200 ms CreateObjectMapping: 0.129000 ms MarkObjects: 5.304100 ms  DeleteObjects: 0.087500 ms)

========================================================================
Received Import Request.
  Time since last request: 91.845908 seconds.
  path: Assets/Ressources/coded-data.gif
  artifactKey: Guid(bde4e35933fd4f94b9defee9dde2e161) Importer(815301076,1909f56bfc062723c751e8b465ee728b)
Start importing Assets/Ressources/coded-data.gif using Guid(bde4e35933fd4f94b9defee9dde2e161) Importer(815301076,1909f56bfc062723c751e8b465ee728b)  -> (artifact id: '4dd7577c1ecbe3e03ed797bdb12ec6dc') in 0.065118 seconds 
========================================================================
Received Import Request.
  Time since last request: 17.628647 seconds.
  path: Assets/Ressources/coded-data.gif
  artifactKey: Guid(bde4e35933fd4f94b9defee9dde2e161) Importer(815301076,1909f56bfc062723c751e8b465ee728b)
Start importing Assets/Ressources/coded-data.gif using Guid(bde4e35933fd4f94b9defee9dde2e161) Importer(815301076,1909f56bfc062723c751e8b465ee728b)  -> (artifact id: '2d7d9b22dbe70b8483517d29fd125464') in 0.048289 seconds 
========================================================================
Received Prepare
Registering precompiled user dll's ...
Registered in 0.006001 seconds.
Begin MonoManager ReloadAssembly
Native extension for WindowsStandalone target not found
Native extension for WebGL target not found
Refreshing native plugins compatible for Editor in 1.14 ms, found 2 plugins.
Preloading 0 native plugins for Editor in 0.00 ms.
Warning: Annotation not found!
UnityEngine.StackTraceUtility:ExtractStackTrace ()
UnityEditor.ProBuilder.EditorUtility:SetGizmoIconEnabled (System.Type,bool) (at Library/PackageCache/com.unity.probuilder@5.0.1/Editor/EditorCore/EditorUtility.cs:575)
UnityEditor.ProBuilder.HierarchyListener:.cctor () (at Library/PackageCache/com.unity.probuilder@5.0.1/Editor/EditorCore/HierarchyListener.cs:21)
System.Runtime.CompilerServices.RuntimeHelpers:RunClassConstructor (System.RuntimeTypeHandle)
UnityEditor.EditorAssemblies:ProcessInitializeOnLoadAttributes (System.Type[])

[Library/PackageCache/com.unity.probuilder@5.0.1/Editor/EditorCore/EditorUtility.cs line 575]

Mono: successfully reloaded assembly
- Completed reload, in  1.511 seconds
Platform modules already initialized, skipping
Shader 'Universal Render Pipeline/Particles/Lit': fallback shader 'Universal Render Pipeline/Particles/SimpleLit' not found
Refreshing native plugins compatible for Editor in 0.64 ms, found 2 plugins.
Preloading 0 native plugins for Editor in 0.00 ms.
Unloading 3008 Unused Serialized files (Serialized files now loaded: 0)
System memory in use before: 143.8 MB.
System memory in use after: 144.0 MB.

Unloading 15 unused Assets to reduce memory usage. Loaded Objects now: 3827.
Total: 4.068200 ms (FindLiveObjects: 0.317600 ms CreateObjectMapping: 0.081300 ms MarkObjects: 3.586900 ms  DeleteObjects: 0.081000 ms)

========================================================================
Received Prepare
Registering precompiled user dll's ...
Registered in 0.008388 seconds.
Begin MonoManager ReloadAssembly
Native extension for WindowsStandalone target not found
Native extension for WebGL target not found
Refreshing native plugins compatible for Editor in 1.21 ms, found 2 plugins.
Preloading 0 native plugins for Editor in 0.00 ms.
Warning: Annotation not found!
UnityEngine.StackTraceUtility:ExtractStackTrace ()
UnityEditor.ProBuilder.EditorUtility:SetGizmoIconEnabled (System.Type,bool) (at Library/PackageCache/com.unity.probuilder@5.0.1/Editor/EditorCore/EditorUtility.cs:575)
UnityEditor.ProBuilder.HierarchyListener:.cctor () (at Library/PackageCache/com.unity.probuilder@5.0.1/Editor/EditorCore/HierarchyListener.cs:21)
System.Runtime.CompilerServices.RuntimeHelpers:RunClassConstructor (System.RuntimeTypeHandle)
UnityEditor.EditorAssemblies:ProcessInitializeOnLoadAttributes (System.Type[])

[Library/PackageCache/com.unity.probuilder@5.0.1/Editor/EditorCore/EditorUtility.cs line 575]

Mono: successfully reloaded assembly
- Completed reload, in  2.297 seconds
Platform modules already initialized, skipping
Shader 'Universal Render Pipeline/Particles/Lit': fallback shader 'Universal Render Pipeline/Particles/SimpleLit' not found
Refreshing native plugins compatible for Editor in 1.19 ms, found 2 plugins.
Preloading 0 native plugins for Editor in 0.00 ms.
Unloading 3008 Unused Serialized files (Serialized files now loaded: 0)
System memory in use before: 143.8 MB.
System memory in use after: 144.0 MB.

Unloading 15 unused Assets to reduce memory usage. Loaded Objects now: 3829.
Total: 6.713900 ms (FindLiveObjects: 0.489600 ms CreateObjectMapping: 0.270900 ms MarkObjects: 5.823100 ms  DeleteObjects: 0.128500 ms)

========================================================================
Received Import Request.
  Time since last request: 459.077680 seconds.
  path: Assets/Sprites/BarreDeProgression2.png
  artifactKey: Guid(5a3e13c7af43d064a8ac496f2ae302c1) Importer(815301076,1909f56bfc062723c751e8b465ee728b)
Start importing Assets/Sprites/BarreDeProgression2.png using Guid(5a3e13c7af43d064a8ac496f2ae302c1) Importer(815301076,1909f56bfc062723c751e8b465ee728b)  -> (artifact id: '0e7c8c805c6d98c9437b2a57c3c5175e') in 0.074935 seconds 
========================================================================
Received Import Request.
  Time since last request: 0.000272 seconds.
  path: Assets/Sprites/CaptureDirection.PNG
  artifactKey: Guid(c700dd112bdaf0d4a944fe903d1f6b87) Importer(815301076,1909f56bfc062723c751e8b465ee728b)
Start importing Assets/Sprites/CaptureDirection.PNG using Guid(c700dd112bdaf0d4a944fe903d1f6b87) Importer(815301076,1909f56bfc062723c751e8b465ee728b)  -> (artifact id: 'b22400bd8335bd874c07334f86ce904f') in 0.039283 seconds 
========================================================================
Received Import Request.
  Time since last request: 0.000304 seconds.
  path: Assets/Sprites/CaptureArche.PNG
  artifactKey: Guid(5118b44f053859341ad1548757b8268d) Importer(815301076,1909f56bfc062723c751e8b465ee728b)
Start importing Assets/Sprites/CaptureArche.PNG using Guid(5118b44f053859341ad1548757b8268d) Importer(815301076,1909f56bfc062723c751e8b465ee728b)  -> (artifact id: 'fdfbaacf6fe91e2607b538ab94311a78') in 0.023282 seconds 
========================================================================
Received Import Request.
  Time since last request: 0.000330 seconds.
  path: Assets/Sprites/CapturePlayer.PNG
  artifactKey: Guid(73c3f8bc48bb4114a8a48c728b7c511c) Importer(815301076,1909f56bfc062723c751e8b465ee728b)
Start importing Assets/Sprites/CapturePlayer.PNG using Guid(73c3f8bc48bb4114a8a48c728b7c511c) Importer(815301076,1909f56bfc062723c751e8b465ee728b)  -> (artifact id: '229c17af67062d0491c2415836f8937e') in 0.020626 seconds 
========================================================================
Received Import Request.
  Time since last request: 0.000301 seconds.
  path: Assets/Sprites/Titre Time Repairer.png
  artifactKey: Guid(e72b0ad84e1d7ac4eba252ff3390f429) Importer(815301076,1909f56bfc062723c751e8b465ee728b)
Start importing Assets/Sprites/Titre Time Repairer.png using Guid(e72b0ad84e1d7ac4eba252ff3390f429) Importer(815301076,1909f56bfc062723c751e8b465ee728b)  -> (artifact id: 'f32b546119005b32c613bb334f7d0506') in 0.034460 seconds 
========================================================================
Received Import Request.
  Time since last request: 0.000357 seconds.
  path: Assets/Sprites/BtnAnomalie 1.PNG
  artifactKey: Guid(cd8d2f4ca74c04845b6444deaf235fb0) Importer(815301076,1909f56bfc062723c751e8b465ee728b)
Start importing Assets/Sprites/BtnAnomalie 1.PNG using Guid(cd8d2f4ca74c04845b6444deaf235fb0) Importer(815301076,1909f56bfc062723c751e8b465ee728b)  -> (artifact id: 'd2aaf725fb4c877c47249c9b55937d28') in 0.031283 seconds 
========================================================================
Received Import Request.
  Time since last request: 0.000480 seconds.
  path: Assets/Sprites/CaptureVortex.PNG
  artifactKey: Guid(470e15ff0636d634b830d073969a25be) Importer(815301076,1909f56bfc062723c751e8b465ee728b)
Start importing Assets/Sprites/CaptureVortex.PNG using Guid(470e15ff0636d634b830d073969a25be) Importer(815301076,1909f56bfc062723c751e8b465ee728b)  -> (artifact id: 'a34da71a9b8cc63572d9dae984aa4fb5') in 0.036154 seconds 
========================================================================
Received Import Request.
  Time since last request: 0.000338 seconds.
  path: Assets/Sprites/CaptureAnomalie.PNG
  artifactKey: Guid(5f00c9b5c09c3294bbbb792163e9a64c) Importer(815301076,1909f56bfc062723c751e8b465ee728b)
Start importing Assets/Sprites/CaptureAnomalie.PNG using Guid(5f00c9b5c09c3294bbbb792163e9a64c) Importer(815301076,1909f56bfc062723c751e8b465ee728b)  -> (artifact id: 'd6bc05aa32a329236ce813162bcb4061') in 0.024966 seconds 
========================================================================
Received Import Request.
  Time since last request: 0.000412 seconds.
  path: Assets/Sprites/CaptureJardinsP.PNG
  artifactKey: Guid(7133b329dba97364b8849672cd56a50f) Importer(815301076,1909f56bfc062723c751e8b465ee728b)
Start importing Assets/Sprites/CaptureJardinsP.PNG using Guid(7133b329dba97364b8849672cd56a50f) Importer(815301076,1909f56bfc062723c751e8b465ee728b)  -> (artifact id: '5ae536ad8a7d201c9fbc189d552b4518') in 0.034454 seconds 
========================================================================
Received Import Request.
  Time since last request: 606.677937 seconds.
  path: Assets/Scenes/Game011.unity
  artifactKey: Guid(7de86b3844c28304488b1da1654f3e29) Importer(815301076,1909f56bfc062723c751e8b465ee728b)
Start importing Assets/Scenes/Game011.unity using Guid(7de86b3844c28304488b1da1654f3e29) Importer(815301076,1909f56bfc062723c751e8b465ee728b)  -> (artifact id: '86fcb5774e4ea9f1007fc9720e6c403d') in 0.007267 seconds 
========================================================================
Received Import Request.
  Time since last request: 4.133145 seconds.
  path: Assets/Scenes/Game.unity
  artifactKey: Guid(9fc0d4010bbf28b4594072e72b8655ab) Importer(815301076,1909f56bfc062723c751e8b465ee728b)
Start importing Assets/Scenes/Game.unity using Guid(9fc0d4010bbf28b4594072e72b8655ab) Importer(815301076,1909f56bfc062723c751e8b465ee728b)  -> (artifact id: 'a63d21e64a5c2f69b2151f01f5ff83af') in 0.008185 seconds 
========================================================================
Received Prepare
Registering precompiled user dll's ...
Registered in 0.010218 seconds.
Begin MonoManager ReloadAssembly
Native extension for WindowsStandalone target not found
Native extension for WebGL target not found
Refreshing native plugins compatible for Editor in 0.73 ms, found 2 plugins.
Preloading 0 native plugins for Editor in 0.00 ms.
Warning: Annotation not found!
UnityEngine.StackTraceUtility:ExtractStackTrace ()
UnityEditor.ProBuilder.EditorUtility:SetGizmoIconEnabled (System.Type,bool) (at Library/PackageCache/com.unity.probuilder@5.0.1/Editor/EditorCore/EditorUtility.cs:575)
UnityEditor.ProBuilder.HierarchyListener:.cctor () (at Library/PackageCache/com.unity.probuilder@5.0.1/Editor/EditorCore/HierarchyListener.cs:21)
System.Runtime.CompilerServices.RuntimeHelpers:RunClassConstructor (System.RuntimeTypeHandle)
UnityEditor.EditorAssemblies:ProcessInitializeOnLoadAttributes (System.Type[])

[Library/PackageCache/com.unity.probuilder@5.0.1/Editor/EditorCore/EditorUtility.cs line 575]

Mono: successfully reloaded assembly
- Completed reload, in  1.822 seconds
Platform modules already initialized, skipping
Shader 'Universal Render Pipeline/Particles/Lit': fallback shader 'Universal Render Pipeline/Particles/SimpleLit' not found
Refreshing native plugins compatible for Editor in 1.08 ms, found 2 plugins.
Preloading 0 native plugins for Editor in 0.00 ms.
Unloading 3017 Unused Serialized files (Serialized files now loaded: 0)
System memory in use before: 153.5 MB.
System memory in use after: 153.7 MB.

Unloading 15 unused Assets to reduce memory usage. Loaded Objects now: 3979.
Total: 6.345400 ms (FindLiveObjects: 0.587100 ms CreateObjectMapping: 0.220300 ms MarkObjects: 5.409600 ms  DeleteObjects: 0.126000 ms)

========================================================================
Received Prepare
Registering precompiled user dll's ...
Registered in 0.007050 seconds.
Begin MonoManager ReloadAssembly
Native extension for WindowsStandalone target not found
Native extension for WebGL target not found
Refreshing native plugins compatible for Editor in 0.69 ms, found 2 plugins.
Preloading 0 native plugins for Editor in 0.00 ms.
Warning: Annotation not found!
UnityEngine.StackTraceUtility:ExtractStackTrace ()
UnityEditor.ProBuilder.EditorUtility:SetGizmoIconEnabled (System.Type,bool) (at Library/PackageCache/com.unity.probuilder@5.0.1/Editor/EditorCore/EditorUtility.cs:575)
UnityEditor.ProBuilder.HierarchyListener:.cctor () (at Library/PackageCache/com.unity.probuilder@5.0.1/Editor/EditorCore/HierarchyListener.cs:21)
System.Runtime.CompilerServices.RuntimeHelpers:RunClassConstructor (System.RuntimeTypeHandle)
UnityEditor.EditorAssemblies:ProcessInitializeOnLoadAttributes (System.Type[])

[Library/PackageCache/com.unity.probuilder@5.0.1/Editor/EditorCore/EditorUtility.cs line 575]

Mono: successfully reloaded assembly
- Completed reload, in  1.910 seconds
Platform modules already initialized, skipping
Shader 'Universal Render Pipeline/Particles/Lit': fallback shader 'Universal Render Pipeline/Particles/SimpleLit' not found
Refreshing native plugins compatible for Editor in 1.33 ms, found 2 plugins.
Preloading 0 native plugins for Editor in 0.00 ms.
Unloading 3008 Unused Serialized files (Serialized files now loaded: 0)
System memory in use before: 153.2 MB.
System memory in use after: 153.4 MB.

Unloading 15 unused Assets to reduce memory usage. Loaded Objects now: 3981.
Total: 7.458200 ms (FindLiveObjects: 0.678200 ms CreateObjectMapping: 0.450800 ms MarkObjects: 6.219400 ms  DeleteObjects: 0.107800 ms)

========================================================================
Received Prepare
Registering precompiled user dll's ...
Registered in 0.005971 seconds.
Begin MonoManager ReloadAssembly
Native extension for WindowsStandalone target not found
Native extension for WebGL target not found
Refreshing native plugins compatible for Editor in 1.00 ms, found 2 plugins.
Preloading 0 native plugins for Editor in 0.00 ms.
Warning: Annotation not found!
UnityEngine.StackTraceUtility:ExtractStackTrace ()
UnityEditor.ProBuilder.EditorUtility:SetGizmoIconEnabled (System.Type,bool) (at Library/PackageCache/com.unity.probuilder@5.0.1/Editor/EditorCore/EditorUtility.cs:575)
UnityEditor.ProBuilder.HierarchyListener:.cctor () (at Library/PackageCache/com.unity.probuilder@5.0.1/Editor/EditorCore/HierarchyListener.cs:21)
System.Runtime.CompilerServices.RuntimeHelpers:RunClassConstructor (System.RuntimeTypeHandle)
UnityEditor.EditorAssemblies:ProcessInitializeOnLoadAttributes (System.Type[])

[Library/PackageCache/com.unity.probuilder@5.0.1/Editor/EditorCore/EditorUtility.cs line 575]

Mono: successfully reloaded assembly
- Completed reload, in  1.814 seconds
Platform modules already initialized, skipping
Shader 'Universal Render Pipeline/Particles/Lit': fallback shader 'Universal Render Pipeline/Particles/SimpleLit' not found
Refreshing native plugins compatible for Editor in 1.05 ms, found 2 plugins.
Preloading 0 native plugins for Editor in 0.00 ms.
Unloading 3008 Unused Serialized files (Serialized files now loaded: 0)
System memory in use before: 153.2 MB.
System memory in use after: 153.4 MB.

Unloading 15 unused Assets to reduce memory usage. Loaded Objects now: 3983.
Total: 5.834100 ms (FindLiveObjects: 0.421900 ms CreateObjectMapping: 0.213300 ms MarkObjects: 5.096800 ms  DeleteObjects: 0.100100 ms)

========================================================================
Received Prepare
Registering precompiled user dll's ...
Registered in 0.005362 seconds.
Begin MonoManager ReloadAssembly
Native extension for WindowsStandalone target not found
Native extension for WebGL target not found
Refreshing native plugins compatible for Editor in 0.79 ms, found 2 plugins.
Preloading 0 native plugins for Editor in 0.00 ms.
Warning: Annotation not found!
UnityEngine.StackTraceUtility:ExtractStackTrace ()
UnityEditor.ProBuilder.EditorUtility:SetGizmoIconEnabled (System.Type,bool) (at Library/PackageCache/com.unity.probuilder@5.0.1/Editor/EditorCore/EditorUtility.cs:575)
UnityEditor.ProBuilder.HierarchyListener:.cctor () (at Library/PackageCache/com.unity.probuilder@5.0.1/Editor/EditorCore/HierarchyListener.cs:21)
System.Runtime.CompilerServices.RuntimeHelpers:RunClassConstructor (System.RuntimeTypeHandle)
UnityEditor.EditorAssemblies:ProcessInitializeOnLoadAttributes (System.Type[])

[Library/PackageCache/com.unity.probuilder@5.0.1/Editor/EditorCore/EditorUtility.cs line 575]

Mono: successfully reloaded assembly
- Completed reload, in  1.601 seconds
Platform modules already initialized, skipping
Shader 'Universal Render Pipeline/Particles/Lit': fallback shader 'Universal Render Pipeline/Particles/SimpleLit' not found
Refreshing native plugins compatible for Editor in 0.69 ms, found 2 plugins.
Preloading 0 native plugins for Editor in 0.00 ms.
Unloading 3008 Unused Serialized files (Serialized files now loaded: 0)
System memory in use before: 153.3 MB.
System memory in use after: 153.4 MB.

Unloading 15 unused Assets to reduce memory usage. Loaded Objects now: 3985.
Total: 4.861900 ms (FindLiveObjects: 0.382100 ms CreateObjectMapping: 0.118600 ms MarkObjects: 4.258700 ms  DeleteObjects: 0.100900 ms)

========================================================================
Received Prepare
Registering precompiled user dll's ...
Registered in 0.008302 seconds.
Begin MonoManager ReloadAssembly
Native extension for WindowsStandalone target not found
Native extension for WebGL target not found
Refreshing native plugins compatible for Editor in 0.68 ms, found 2 plugins.
Preloading 0 native plugins for Editor in 0.00 ms.
Warning: Annotation not found!
UnityEngine.StackTraceUtility:ExtractStackTrace ()
UnityEditor.ProBuilder.EditorUtility:SetGizmoIconEnabled (System.Type,bool) (at Library/PackageCache/com.unity.probuilder@5.0.1/Editor/EditorCore/EditorUtility.cs:575)
UnityEditor.ProBuilder.HierarchyListener:.cctor () (at Library/PackageCache/com.unity.probuilder@5.0.1/Editor/EditorCore/HierarchyListener.cs:21)
System.Runtime.CompilerServices.RuntimeHelpers:RunClassConstructor (System.RuntimeTypeHandle)
UnityEditor.EditorAssemblies:ProcessInitializeOnLoadAttributes (System.Type[])

[Library/PackageCache/com.unity.probuilder@5.0.1/Editor/EditorCore/EditorUtility.cs line 575]

Mono: successfully reloaded assembly
- Completed reload, in  1.661 seconds
Platform modules already initialized, skipping
Shader 'Universal Render Pipeline/Particles/Lit': fallback shader 'Universal Render Pipeline/Particles/SimpleLit' not found
Refreshing native plugins compatible for Editor in 0.64 ms, found 2 plugins.
Preloading 0 native plugins for Editor in 0.00 ms.
Unloading 3008 Unused Serialized files (Serialized files now loaded: 0)
System memory in use before: 153.3 MB.
System memory in use after: 153.5 MB.

Unloading 15 unused Assets to reduce memory usage. Loaded Objects now: 3987.
Total: 4.986200 ms (FindLiveObjects: 0.424200 ms CreateObjectMapping: 0.162900 ms MarkObjects: 4.289800 ms  DeleteObjects: 0.107800 ms)

========================================================================
Received Import Request.
  Time since last request: 1008.649309 seconds.
  path: Assets/DestroyOnCTuto.cs
  artifactKey: Guid(49ff95ae6155aac4d9a4b9d860a11718) Importer(815301076,1909f56bfc062723c751e8b465ee728b)
Start importing Assets/DestroyOnCTuto.cs using Guid(49ff95ae6155aac4d9a4b9d860a11718) Importer(815301076,1909f56bfc062723c751e8b465ee728b)  -> (artifact id: '49ae8cac76ed8e0339b24ca6181cad73') in 0.014327 seconds 
========================================================================
Received Prepare
Registering precompiled user dll's ...
Registered in 0.006391 seconds.
Begin MonoManager ReloadAssembly
Native extension for WindowsStandalone target not found
Native extension for WebGL target not found
Refreshing native plugins compatible for Editor in 0.73 ms, found 2 plugins.
Preloading 0 native plugins for Editor in 0.00 ms.
Warning: Annotation not found!
UnityEngine.StackTraceUtility:ExtractStackTrace ()
UnityEditor.ProBuilder.EditorUtility:SetGizmoIconEnabled (System.Type,bool) (at Library/PackageCache/com.unity.probuilder@5.0.1/Editor/EditorCore/EditorUtility.cs:575)
UnityEditor.ProBuilder.HierarchyListener:.cctor () (at Library/PackageCache/com.unity.probuilder@5.0.1/Editor/EditorCore/HierarchyListener.cs:21)
System.Runtime.CompilerServices.RuntimeHelpers:RunClassConstructor (System.RuntimeTypeHandle)
UnityEditor.EditorAssemblies:ProcessInitializeOnLoadAttributes (System.Type[])

[Library/PackageCache/com.unity.probuilder@5.0.1/Editor/EditorCore/EditorUtility.cs line 575]

Mono: successfully reloaded assembly
- Completed reload, in  1.846 seconds
Platform modules already initialized, skipping
Shader 'Universal Render Pipeline/Particles/Lit': fallback shader 'Universal Render Pipeline/Particles/SimpleLit' not found
Refreshing native plugins compatible for Editor in 0.73 ms, found 2 plugins.
Preloading 0 native plugins for Editor in 0.00 ms.
Unloading 3008 Unused Serialized files (Serialized files now loaded: 0)
System memory in use before: 153.3 MB.
System memory in use after: 153.5 MB.

Unloading 15 unused Assets to reduce memory usage. Loaded Objects now: 3989.
Total: 6.354000 ms (FindLiveObjects: 0.439600 ms CreateObjectMapping: 0.188400 ms MarkObjects: 5.613800 ms  DeleteObjects: 0.108800 ms)

========================================================================
Received Import Request.
  Time since last request: 16.115787 seconds.
  path: Assets/DestroyOnCLevel1.cs
  artifactKey: Guid(4458ee3630adf2b4ba415be7cc7e7be3) Importer(815301076,1909f56bfc062723c751e8b465ee728b)
Start importing Assets/DestroyOnCLevel1.cs using Guid(4458ee3630adf2b4ba415be7cc7e7be3) Importer(815301076,1909f56bfc062723c751e8b465ee728b)  -> (artifact id: '02195c3048149215ba669740e98b5a71') in 0.018222 seconds 
========================================================================
Received Prepare
Registering precompiled user dll's ...
Registered in 0.006659 seconds.
Begin MonoManager ReloadAssembly
Native extension for WindowsStandalone target not found
Native extension for WebGL target not found
Refreshing native plugins compatible for Editor in 1.15 ms, found 2 plugins.
Preloading 0 native plugins for Editor in 0.00 ms.
Warning: Annotation not found!
UnityEngine.StackTraceUtility:ExtractStackTrace ()
UnityEditor.ProBuilder.EditorUtility:SetGizmoIconEnabled (System.Type,bool) (at Library/PackageCache/com.unity.probuilder@5.0.1/Editor/EditorCore/EditorUtility.cs:575)
UnityEditor.ProBuilder.HierarchyListener:.cctor () (at Library/PackageCache/com.unity.probuilder@5.0.1/Editor/EditorCore/HierarchyListener.cs:21)
System.Runtime.CompilerServices.RuntimeHelpers:RunClassConstructor (System.RuntimeTypeHandle)
UnityEditor.EditorAssemblies:ProcessInitializeOnLoadAttributes (System.Type[])

[Library/PackageCache/com.unity.probuilder@5.0.1/Editor/EditorCore/EditorUtility.cs line 575]

Mono: successfully reloaded assembly
- Completed reload, in  1.672 seconds
Platform modules already initialized, skipping
Shader 'Universal Render Pipeline/Particles/Lit': fallback shader 'Universal Render Pipeline/Particles/SimpleLit' not found
Refreshing native plugins compatible for Editor in 1.07 ms, found 2 plugins.
Preloading 0 native plugins for Editor in 0.00 ms.
Unloading 3008 Unused Serialized files (Serialized files now loaded: 0)
System memory in use before: 153.3 MB.
System memory in use after: 153.5 MB.

Unloading 15 unused Assets to reduce memory usage. Loaded Objects now: 3991.
Total: 6.893800 ms (FindLiveObjects: 0.537400 ms CreateObjectMapping: 0.394900 ms MarkObjects: 5.855100 ms  DeleteObjects: 0.104900 ms)

========================================================================
Received Prepare
Registering precompiled user dll's ...
Registered in 0.006738 seconds.
Begin MonoManager ReloadAssembly
Native extension for WindowsStandalone target not found
Native extension for WebGL target not found
Refreshing native plugins compatible for Editor in 1.18 ms, found 2 plugins.
Preloading 0 native plugins for Editor in 0.00 ms.
Warning: Annotation not found!
UnityEngine.StackTraceUtility:ExtractStackTrace ()
UnityEditor.ProBuilder.EditorUtility:SetGizmoIconEnabled (System.Type,bool) (at Library/PackageCache/com.unity.probuilder@5.0.1/Editor/EditorCore/EditorUtility.cs:575)
UnityEditor.ProBuilder.HierarchyListener:.cctor () (at Library/PackageCache/com.unity.probuilder@5.0.1/Editor/EditorCore/HierarchyListener.cs:21)
System.Runtime.CompilerServices.RuntimeHelpers:RunClassConstructor (System.RuntimeTypeHandle)
UnityEditor.EditorAssemblies:ProcessInitializeOnLoadAttributes (System.Type[])

[Library/PackageCache/com.unity.probuilder@5.0.1/Editor/EditorCore/EditorUtility.cs line 575]

Mono: successfully reloaded assembly
- Completed reload, in  1.807 seconds
Platform modules already initialized, skipping
Shader 'Universal Render Pipeline/Particles/Lit': fallback shader 'Universal Render Pipeline/Particles/SimpleLit' not found
Refreshing native plugins compatible for Editor in 1.07 ms, found 2 plugins.
Preloading 0 native plugins for Editor in 0.00 ms.
Unloading 3008 Unused Serialized files (Serialized files now loaded: 0)
System memory in use before: 153.3 MB.
System memory in use after: 153.5 MB.

Unloading 15 unused Assets to reduce memory usage. Loaded Objects now: 3993.
Total: 5.849400 ms (FindLiveObjects: 0.598000 ms CreateObjectMapping: 0.345500 ms MarkObjects: 4.797200 ms  DeleteObjects: 0.106700 ms)

========================================================================
Received Prepare
Registering precompiled user dll's ...
Registered in 0.005952 seconds.
Begin MonoManager ReloadAssembly
Native extension for WindowsStandalone target not found
Native extension for WebGL target not found
Refreshing native plugins compatible for Editor in 1.28 ms, found 2 plugins.
Preloading 0 native plugins for Editor in 0.00 ms.
Warning: Annotation not found!
UnityEngine.StackTraceUtility:ExtractStackTrace ()
UnityEditor.ProBuilder.EditorUtility:SetGizmoIconEnabled (System.Type,bool) (at Library/PackageCache/com.unity.probuilder@5.0.1/Editor/EditorCore/EditorUtility.cs:575)
UnityEditor.ProBuilder.HierarchyListener:.cctor () (at Library/PackageCache/com.unity.probuilder@5.0.1/Editor/EditorCore/HierarchyListener.cs:21)
System.Runtime.CompilerServices.RuntimeHelpers:RunClassConstructor (System.RuntimeTypeHandle)
UnityEditor.EditorAssemblies:ProcessInitializeOnLoadAttributes (System.Type[])

[Library/PackageCache/com.unity.probuilder@5.0.1/Editor/EditorCore/EditorUtility.cs line 575]

Mono: successfully reloaded assembly
- Completed reload, in  1.953 seconds
Platform modules already initialized, skipping
Shader 'Universal Render Pipeline/Particles/Lit': fallback shader 'Universal Render Pipeline/Particles/SimpleLit' not found
Refreshing native plugins compatible for Editor in 0.71 ms, found 2 plugins.
Preloading 0 native plugins for Editor in 0.00 ms.
Unloading 3008 Unused Serialized files (Serialized files now loaded: 0)
System memory in use before: 153.3 MB.
System memory in use after: 153.5 MB.

Unloading 15 unused Assets to reduce memory usage. Loaded Objects now: 3995.
Total: 6.468200 ms (FindLiveObjects: 0.645600 ms CreateObjectMapping: 0.210300 ms MarkObjects: 5.513400 ms  DeleteObjects: 0.097400 ms)

========================================================================
Received Import Request.
  Time since last request: 1798.242318 seconds.
  path: Assets/DestroyOnCTuto.cs
  artifactKey: Guid(49ff95ae6155aac4d9a4b9d860a11718) Importer(815301076,1909f56bfc062723c751e8b465ee728b)
Start importing Assets/DestroyOnCTuto.cs using Guid(49ff95ae6155aac4d9a4b9d860a11718) Importer(815301076,1909f56bfc062723c751e8b465ee728b)  -> (artifact id: 'f6b71048b72ca6a08f0b8ea763d56540') in 0.013678 seconds 
========================================================================
Received Prepare
Registering precompiled user dll's ...
Registered in 0.004980 seconds.
Begin MonoManager ReloadAssembly
Native extension for WindowsStandalone target not found
Native extension for WebGL target not found
Refreshing native plugins compatible for Editor in 0.69 ms, found 2 plugins.
Preloading 0 native plugins for Editor in 0.00 ms.
Warning: Annotation not found!
UnityEngine.StackTraceUtility:ExtractStackTrace ()
UnityEditor.ProBuilder.EditorUtility:SetGizmoIconEnabled (System.Type,bool) (at Library/PackageCache/com.unity.probuilder@5.0.1/Editor/EditorCore/EditorUtility.cs:575)
UnityEditor.ProBuilder.HierarchyListener:.cctor () (at Library/PackageCache/com.unity.probuilder@5.0.1/Editor/EditorCore/HierarchyListener.cs:21)
System.Runtime.CompilerServices.RuntimeHelpers:RunClassConstructor (System.RuntimeTypeHandle)
UnityEditor.EditorAssemblies:ProcessInitializeOnLoadAttributes (System.Type[])

[Library/PackageCache/com.unity.probuilder@5.0.1/Editor/EditorCore/EditorUtility.cs line 575]

Mono: successfully reloaded assembly
- Completed reload, in  1.592 seconds
Platform modules already initialized, skipping
Shader 'Universal Render Pipeline/Particles/Lit': fallback shader 'Universal Render Pipeline/Particles/SimpleLit' not found
Refreshing native plugins compatible for Editor in 0.91 ms, found 2 plugins.
Preloading 0 native plugins for Editor in 0.00 ms.
Unloading 3008 Unused Serialized files (Serialized files now loaded: 0)
System memory in use before: 153.3 MB.
System memory in use after: 153.5 MB.

Unloading 15 unused Assets to reduce memory usage. Loaded Objects now: 3997.
Total: 6.111600 ms (FindLiveObjects: 0.534400 ms CreateObjectMapping: 0.175000 ms MarkObjects: 5.268300 ms  DeleteObjects: 0.131900 ms)

========================================================================
Received Import Request.
  Time since last request: 13.099388 seconds.
  path: Assets/Scripts/TestSphereMove.cs
  artifactKey: Guid(5faf3423d2c69cb42b4cb7970c713f61) Importer(815301076,1909f56bfc062723c751e8b465ee728b)
Start importing Assets/Scripts/TestSphereMove.cs using Guid(5faf3423d2c69cb42b4cb7970c713f61) Importer(815301076,1909f56bfc062723c751e8b465ee728b)  -> (artifact id: 'edee0da3d2407a4646e0fc875a83c975') in 0.018138 seconds 
========================================================================
Received Import Request.
  Time since last request: 0.000279 seconds.
  path: Assets/Scripts/GameManager.cs
  artifactKey: Guid(dfb19427fb701284bb9a94b99af36435) Importer(815301076,1909f56bfc062723c751e8b465ee728b)
Start importing Assets/Scripts/GameManager.cs using Guid(dfb19427fb701284bb9a94b99af36435) Importer(815301076,1909f56bfc062723c751e8b465ee728b)  -> (artifact id: '73db253c8930ba80b9afeeeb2319e2d5') in 0.011263 seconds 
========================================================================
Received Prepare
Registering precompiled user dll's ...
Registered in 0.011609 seconds.
Begin MonoManager ReloadAssembly
Native extension for WindowsStandalone target not found
Native extension for WebGL target not found
Refreshing native plugins compatible for Editor in 1.15 ms, found 2 plugins.
Preloading 0 native plugins for Editor in 0.00 ms.
Warning: Annotation not found!
UnityEngine.StackTraceUtility:ExtractStackTrace ()
UnityEditor.ProBuilder.EditorUtility:SetGizmoIconEnabled (System.Type,bool) (at Library/PackageCache/com.unity.probuilder@5.0.1/Editor/EditorCore/EditorUtility.cs:575)
UnityEditor.ProBuilder.HierarchyListener:.cctor () (at Library/PackageCache/com.unity.probuilder@5.0.1/Editor/EditorCore/HierarchyListener.cs:21)
System.Runtime.CompilerServices.RuntimeHelpers:RunClassConstructor (System.RuntimeTypeHandle)
UnityEditor.EditorAssemblies:ProcessInitializeOnLoadAttributes (System.Type[])

[Library/PackageCache/com.unity.probuilder@5.0.1/Editor/EditorCore/EditorUtility.cs line 575]

Mono: successfully reloaded assembly
- Completed reload, in  1.616 seconds
Platform modules already initialized, skipping
Shader 'Universal Render Pipeline/Particles/Lit': fallback shader 'Universal Render Pipeline/Particles/SimpleLit' not found
Refreshing native plugins compatible for Editor in 0.99 ms, found 2 plugins.
Preloading 0 native plugins for Editor in 0.00 ms.
Unloading 3008 Unused Serialized files (Serialized files now loaded: 0)
System memory in use before: 153.3 MB.
System memory in use after: 153.5 MB.

Unloading 15 unused Assets to reduce memory usage. Loaded Objects now: 3999.
Total: 5.950000 ms (FindLiveObjects: 0.456900 ms CreateObjectMapping: 0.212200 ms MarkObjects: 5.171400 ms  DeleteObjects: 0.107900 ms)

========================================================================
Received Import Request.
  Time since last request: 1052.344376 seconds.
  path: Assets/Scripts/GameManager.cs
  artifactKey: Guid(dfb19427fb701284bb9a94b99af36435) Importer(815301076,1909f56bfc062723c751e8b465ee728b)
Start importing Assets/Scripts/GameManager.cs using Guid(dfb19427fb701284bb9a94b99af36435) Importer(815301076,1909f56bfc062723c751e8b465ee728b)  -> (artifact id: 'e61fa23fffb49c44cfaa5901dad9ed95') in 0.012512 seconds 
========================================================================
Received Prepare
Registering precompiled user dll's ...
Registered in 0.007273 seconds.
Begin MonoManager ReloadAssembly
Native extension for WindowsStandalone target not found
Native extension for WebGL target not found
Refreshing native plugins compatible for Editor in 0.69 ms, found 2 plugins.
Preloading 0 native plugins for Editor in 0.00 ms.
Warning: Annotation not found!
UnityEngine.StackTraceUtility:ExtractStackTrace ()
UnityEditor.ProBuilder.EditorUtility:SetGizmoIconEnabled (System.Type,bool) (at Library/PackageCache/com.unity.probuilder@5.0.1/Editor/EditorCore/EditorUtility.cs:575)
UnityEditor.ProBuilder.HierarchyListener:.cctor () (at Library/PackageCache/com.unity.probuilder@5.0.1/Editor/EditorCore/HierarchyListener.cs:21)
System.Runtime.CompilerServices.RuntimeHelpers:RunClassConstructor (System.RuntimeTypeHandle)
UnityEditor.EditorAssemblies:ProcessInitializeOnLoadAttributes (System.Type[])

[Library/PackageCache/com.unity.probuilder@5.0.1/Editor/EditorCore/EditorUtility.cs line 575]

Mono: successfully reloaded assembly
- Completed reload, in  1.637 seconds
Platform modules already initialized, skipping
Shader 'Universal Render Pipeline/Particles/Lit': fallback shader 'Universal Render Pipeline/Particles/SimpleLit' not found
Refreshing native plugins compatible for Editor in 1.17 ms, found 2 plugins.
Preloading 0 native plugins for Editor in 0.00 ms.
Unloading 3008 Unused Serialized files (Serialized files now loaded: 0)
System memory in use before: 153.4 MB.
System memory in use after: 153.5 MB.

Unloading 15 unused Assets to reduce memory usage. Loaded Objects now: 4001.
Total: 8.427200 ms (FindLiveObjects: 0.604400 ms CreateObjectMapping: 0.416100 ms MarkObjects: 7.286600 ms  DeleteObjects: 0.118500 ms)

========================================================================
Received Prepare
Registering precompiled user dll's ...
Registered in 0.005379 seconds.
Begin MonoManager ReloadAssembly
Native extension for WindowsStandalone target not found
Native extension for WebGL target not found
Refreshing native plugins compatible for Editor in 0.79 ms, found 2 plugins.
Preloading 0 native plugins for Editor in 0.00 ms.
Warning: Annotation not found!
UnityEngine.StackTraceUtility:ExtractStackTrace ()
UnityEditor.ProBuilder.EditorUtility:SetGizmoIconEnabled (System.Type,bool) (at Library/PackageCache/com.unity.probuilder@5.0.1/Editor/EditorCore/EditorUtility.cs:575)
UnityEditor.ProBuilder.HierarchyListener:.cctor () (at Library/PackageCache/com.unity.probuilder@5.0.1/Editor/EditorCore/HierarchyListener.cs:21)
System.Runtime.CompilerServices.RuntimeHelpers:RunClassConstructor (System.RuntimeTypeHandle)
UnityEditor.EditorAssemblies:ProcessInitializeOnLoadAttributes (System.Type[])

[Library/PackageCache/com.unity.probuilder@5.0.1/Editor/EditorCore/EditorUtility.cs line 575]

Mono: successfully reloaded assembly
- Completed reload, in  1.548 seconds
Platform modules already initialized, skipping
Shader 'Universal Render Pipeline/Particles/Lit': fallback shader 'Universal Render Pipeline/Particles/SimpleLit' not found
Refreshing native plugins compatible for Editor in 0.72 ms, found 2 plugins.
Preloading 0 native plugins for Editor in 0.00 ms.
Unloading 3009 Unused Serialized files (Serialized files now loaded: 0)
System memory in use before: 153.4 MB.
System memory in use after: 153.6 MB.

Unloading 15 unused Assets to reduce memory usage. Loaded Objects now: 4004.
Total: 6.037500 ms (FindLiveObjects: 0.462600 ms CreateObjectMapping: 0.175200 ms MarkObjects: 5.254600 ms  DeleteObjects: 0.143100 ms)

========================================================================
Received Prepare
Registering precompiled user dll's ...
Registered in 0.004965 seconds.
Begin MonoManager ReloadAssembly
Native extension for WindowsStandalone target not found
Native extension for WebGL target not found
Refreshing native plugins compatible for Editor in 1.15 ms, found 2 plugins.
Preloading 0 native plugins for Editor in 0.00 ms.
Warning: Annotation not found!
UnityEngine.StackTraceUtility:ExtractStackTrace ()
UnityEditor.ProBuilder.EditorUtility:SetGizmoIconEnabled (System.Type,bool) (at Library/PackageCache/com.unity.probuilder@5.0.1/Editor/EditorCore/EditorUtility.cs:575)
UnityEditor.ProBuilder.HierarchyListener:.cctor () (at Library/PackageCache/com.unity.probuilder@5.0.1/Editor/EditorCore/HierarchyListener.cs:21)
System.Runtime.CompilerServices.RuntimeHelpers:RunClassConstructor (System.RuntimeTypeHandle)
UnityEditor.EditorAssemblies:ProcessInitializeOnLoadAttributes (System.Type[])

[Library/PackageCache/com.unity.probuilder@5.0.1/Editor/EditorCore/EditorUtility.cs line 575]

Mono: successfully reloaded assembly
- Completed reload, in  1.482 seconds
Platform modules already initialized, skipping
Shader 'Universal Render Pipeline/Particles/Lit': fallback shader 'Universal Render Pipeline/Particles/SimpleLit' not found
Refreshing native plugins compatible for Editor in 1.01 ms, found 2 plugins.
Preloading 0 native plugins for Editor in 0.00 ms.
Unloading 3009 Unused Serialized files (Serialized files now loaded: 0)
System memory in use before: 153.4 MB.
System memory in use after: 153.6 MB.

Unloading 15 unused Assets to reduce memory usage. Loaded Objects now: 4006.
Total: 4.870400 ms (FindLiveObjects: 0.596900 ms CreateObjectMapping: 0.276000 ms MarkObjects: 3.909900 ms  DeleteObjects: 0.085200 ms)

========================================================================
Received Import Request.
  Time since last request: 2173.858657 seconds.
  path: Assets/Scripts/QuestionLvl1.cs
  artifactKey: Guid(c2e05a36ba5002849a3a32be0c4942a9) Importer(815301076,1909f56bfc062723c751e8b465ee728b)
Start importing Assets/Scripts/QuestionLvl1.cs using Guid(c2e05a36ba5002849a3a32be0c4942a9) Importer(815301076,1909f56bfc062723c751e8b465ee728b)  -> (artifact id: '4b95ff92200a9013f8d1b70b489c4482') in 0.016356 seconds 
========================================================================
Received Prepare
Registering precompiled user dll's ...
Registered in 0.007011 seconds.
Begin MonoManager ReloadAssembly
Native extension for WindowsStandalone target not found
Native extension for WebGL target not found
Refreshing native plugins compatible for Editor in 1.15 ms, found 2 plugins.
Preloading 0 native plugins for Editor in 0.00 ms.
Warning: Annotation not found!
UnityEngine.StackTraceUtility:ExtractStackTrace ()
UnityEditor.ProBuilder.EditorUtility:SetGizmoIconEnabled (System.Type,bool) (at Library/PackageCache/com.unity.probuilder@5.0.1/Editor/EditorCore/EditorUtility.cs:575)
UnityEditor.ProBuilder.HierarchyListener:.cctor () (at Library/PackageCache/com.unity.probuilder@5.0.1/Editor/EditorCore/HierarchyListener.cs:21)
System.Runtime.CompilerServices.RuntimeHelpers:RunClassConstructor (System.RuntimeTypeHandle)
UnityEditor.EditorAssemblies:ProcessInitializeOnLoadAttributes (System.Type[])

[Library/PackageCache/com.unity.probuilder@5.0.1/Editor/EditorCore/EditorUtility.cs line 575]

Mono: successfully reloaded assembly
- Completed reload, in  1.753 seconds
Platform modules already initialized, skipping
Shader 'Universal Render Pipeline/Particles/Lit': fallback shader 'Universal Render Pipeline/Particles/SimpleLit' not found
Refreshing native plugins compatible for Editor in 1.22 ms, found 2 plugins.
Preloading 0 native plugins for Editor in 0.00 ms.
Unloading 3009 Unused Serialized files (Serialized files now loaded: 0)
System memory in use before: 153.4 MB.
System memory in use after: 153.6 MB.

Unloading 15 unused Assets to reduce memory usage. Loaded Objects now: 4008.
Total: 7.209700 ms (FindLiveObjects: 0.553500 ms CreateObjectMapping: 0.428900 ms MarkObjects: 6.114400 ms  DeleteObjects: 0.111200 ms)

========================================================================
Received Import Request.
  Time since last request: 502.401625 seconds.
  path: Assets/Scripts/QuestionLvl1.cs
  artifactKey: Guid(c2e05a36ba5002849a3a32be0c4942a9) Importer(815301076,1909f56bfc062723c751e8b465ee728b)
Start importing Assets/Scripts/QuestionLvl1.cs using Guid(c2e05a36ba5002849a3a32be0c4942a9) Importer(815301076,1909f56bfc062723c751e8b465ee728b)  -> (artifact id: 'bd9b3841213acf0a7c25e92f75801b69') in 0.012951 seconds 
========================================================================
Received Prepare
Registering precompiled user dll's ...
Registered in 0.007336 seconds.
Begin MonoManager ReloadAssembly
Native extension for WindowsStandalone target not found
Native extension for WebGL target not found
Refreshing native plugins compatible for Editor in 0.72 ms, found 2 plugins.
Preloading 0 native plugins for Editor in 0.00 ms.
Warning: Annotation not found!
UnityEngine.StackTraceUtility:ExtractStackTrace ()
UnityEditor.ProBuilder.EditorUtility:SetGizmoIconEnabled (System.Type,bool) (at Library/PackageCache/com.unity.probuilder@5.0.1/Editor/EditorCore/EditorUtility.cs:575)
UnityEditor.ProBuilder.HierarchyListener:.cctor () (at Library/PackageCache/com.unity.probuilder@5.0.1/Editor/EditorCore/HierarchyListener.cs:21)
System.Runtime.CompilerServices.RuntimeHelpers:RunClassConstructor (System.RuntimeTypeHandle)
UnityEditor.EditorAssemblies:ProcessInitializeOnLoadAttributes (System.Type[])

[Library/PackageCache/com.unity.probuilder@5.0.1/Editor/EditorCore/EditorUtility.cs line 575]

Mono: successfully reloaded assembly
- Completed reload, in  1.537 seconds
Platform modules already initialized, skipping
Shader 'Universal Render Pipeline/Particles/Lit': fallback shader 'Universal Render Pipeline/Particles/SimpleLit' not found
Refreshing native plugins compatible for Editor in 0.65 ms, found 2 plugins.
Preloading 0 native plugins for Editor in 0.00 ms.
Unloading 3009 Unused Serialized files (Serialized files now loaded: 0)
System memory in use before: 153.4 MB.
System memory in use after: 153.6 MB.

Unloading 15 unused Assets to reduce memory usage. Loaded Objects now: 4010.
Total: 5.054300 ms (FindLiveObjects: 0.389600 ms CreateObjectMapping: 0.137500 ms MarkObjects: 4.438700 ms  DeleteObjects: 0.086900 ms)

========================================================================
Received Prepare
Registering precompiled user dll's ...
Registered in 0.004836 seconds.
Begin MonoManager ReloadAssembly
Native extension for WindowsStandalone target not found
Native extension for WebGL target not found
Refreshing native plugins compatible for Editor in 0.70 ms, found 2 plugins.
Preloading 0 native plugins for Editor in 0.00 ms.
Warning: Annotation not found!
UnityEngine.StackTraceUtility:ExtractStackTrace ()
UnityEditor.ProBuilder.EditorUtility:SetGizmoIconEnabled (System.Type,bool) (at Library/PackageCache/com.unity.probuilder@5.0.1/Editor/EditorCore/EditorUtility.cs:575)
UnityEditor.ProBuilder.HierarchyListener:.cctor () (at Library/PackageCache/com.unity.probuilder@5.0.1/Editor/EditorCore/HierarchyListener.cs:21)
System.Runtime.CompilerServices.RuntimeHelpers:RunClassConstructor (System.RuntimeTypeHandle)
UnityEditor.EditorAssemblies:ProcessInitializeOnLoadAttributes (System.Type[])

[Library/PackageCache/com.unity.probuilder@5.0.1/Editor/EditorCore/EditorUtility.cs line 575]

Mono: successfully reloaded assembly
- Completed reload, in  1.589 seconds
Platform modules already initialized, skipping
Shader 'Universal Render Pipeline/Particles/Lit': fallback shader 'Universal Render Pipeline/Particles/SimpleLit' not found
Refreshing native plugins compatible for Editor in 1.23 ms, found 2 plugins.
Preloading 0 native plugins for Editor in 0.00 ms.
Unloading 3009 Unused Serialized files (Serialized files now loaded: 0)
System memory in use before: 153.4 MB.
System memory in use after: 153.6 MB.

Unloading 15 unused Assets to reduce memory usage. Loaded Objects now: 4012.
Total: 7.917400 ms (FindLiveObjects: 0.817100 ms CreateObjectMapping: 0.472400 ms MarkObjects: 6.501200 ms  DeleteObjects: 0.124300 ms)

========================================================================
Received Import Request.
  Time since last request: 558.114096 seconds.
  path: Assets/Scripts
  artifactKey: Guid(e6515425ce13f9744935b6422bc4a50a) Importer(815301076,1909f56bfc062723c751e8b465ee728b)
Start importing Assets/Scripts using Guid(e6515425ce13f9744935b6422bc4a50a) Importer(815301076,1909f56bfc062723c751e8b465ee728b)  -> (artifact id: 'd451f76fc27ca289fae5d0be9c7591a0') in 0.020170 seconds 
AssetImportWorkerClient::OnTransportError - code=2 error=End of file
