Using pre-set license
Built from '2021.1/staging' branch; Version is '2021.1.5f1 (3737af19df53) revision 3618735'; Using compiler version '192528614'; Build Type 'Release'
OS: 'Windows 10 Pro; OS build 19043.1348; Version 2009; 64bit' Language: 'fr' Physical Memory: 65468 MB
BatchMode: 1, IsHumanControllingUs: 0, StartBugReporterOnCrash: 0, Is64bit: 1, IsPro: 0

 COMMAND LINE ARGUMENTS:
C:\Program Files\Unity\Hub\Editor\2021.1.5f1\Editor\Unity.exe
-adb2
-batchMode
-noUpm
-name
AssetImportWorker0
-projectPath
C:/Users/Antoine/Desktop/0.14
-logFile
Logs/AssetImportWorker0.log
-srvPort
53014
Successfully changed project path to: C:/Users/Antoine/Desktop/0.14
C:/Users/Antoine/Desktop/0.14
Using Asset Import Pipeline V2.
Refreshing native plugins compatible for Editor in 46.39 ms, found 2 plugins.
Preloading 0 native plugins for Editor in 0.00 ms.
Initialize engine version: 2021.1.5f1 (3737af19df53)
[Subsystems] Discovering subsystems at path C:/Program Files/Unity/Hub/Editor/2021.1.5f1/Editor/Data/Resources/UnitySubsystems
[Subsystems] Discovering subsystems at path C:/Users/Antoine/Desktop/0.14/Assets
GfxDevice: creating device client; threaded=0; jobified=0
Direct3D:
    Version:  Direct3D 11.0 [level 11.1]
    Renderer: NVIDIA GeForce RTX 3070 (ID=0x2484)
    Vendor:   NVIDIA
    VRAM:     8043 MB
    Driver:   30.0.14.9649
Shader 'Universal Render Pipeline/Particles/Lit': fallback shader 'Universal Render Pipeline/Particles/SimpleLit' not found
Initialize mono
Mono path[0] = 'C:/Program Files/Unity/Hub/Editor/2021.1.5f1/Editor/Data/Managed'
Mono path[1] = 'C:/Program Files/Unity/Hub/Editor/2021.1.5f1/Editor/Data/MonoBleedingEdge/lib/mono/unityjit'
Mono config path = 'C:/Program Files/Unity/Hub/Editor/2021.1.5f1/Editor/Data/MonoBleedingEdge/etc'
Using monoOptions --debugger-agent=transport=dt_socket,embedding=1,server=y,suspend=n,address=127.0.0.1:56016
Begin MonoManager ReloadAssembly
Registering precompiled unity dll's ...
Register platform support module: C:/Program Files/Unity/Hub/Editor/2021.1.5f1/Editor/Data/PlaybackEngines/WebGLSupport/UnityEditor.WebGL.Extensions.dll
Register platform support module: C:/Program Files/Unity/Hub/Editor/2021.1.5f1/Editor/Data/PlaybackEngines/WindowsStandaloneSupport/UnityEditor.WindowsStandalone.Extensions.dll
Registered in 0.004124 seconds.
Native extension for WindowsStandalone target not found
Native extension for WebGL target not found
Refreshing native plugins compatible for Editor in 41.55 ms, found 2 plugins.
Preloading 0 native plugins for Editor in 0.00 ms.
Mono: successfully reloaded assembly
- Completed reload, in  1.248 seconds
Platform modules already initialized, skipping
Registering precompiled user dll's ...
Registered in 0.003512 seconds.
Begin MonoManager ReloadAssembly
Native extension for WindowsStandalone target not found
Native extension for WebGL target not found
Refreshing native plugins compatible for Editor in 44.73 ms, found 2 plugins.
Preloading 0 native plugins for Editor in 0.00 ms.
Mono: successfully reloaded assembly
- Completed reload, in  1.069 seconds
Platform modules already initialized, skipping
========================================================================
Worker process is ready to serve import requests
Shader 'Universal Render Pipeline/Particles/Lit': fallback shader 'Universal Render Pipeline/Particles/SimpleLit' not found
Launched and connected shader compiler UnityShaderCompiler.exe after 0.06 seconds
Refreshing native plugins compatible for Editor in 0.72 ms, found 2 plugins.
Preloading 0 native plugins for Editor in 0.00 ms.
Unloading 3147 Unused Serialized files (Serialized files now loaded: 0)
System memory in use before: 145.1 MB.
System memory in use after: 145.2 MB.

Unloading 98 unused Assets to reduce memory usage. Loaded Objects now: 3591.
Total: 2.699000 ms (FindLiveObjects: 0.206900 ms CreateObjectMapping: 0.113800 ms MarkObjects: 2.243600 ms  DeleteObjects: 0.133700 ms)

========================================================================
Received Import Request.
  path: Assets/UniversalRenderPipelineAsset.asset
  artifactKey: Guid(418156dfd7e820c42b26c54c69e2fcda) Importer(815301076,1909f56bfc062723c751e8b465ee728b)
Start importing Assets/UniversalRenderPipelineAsset.asset using Guid(418156dfd7e820c42b26c54c69e2fcda) Importer(815301076,1909f56bfc062723c751e8b465ee728b)  -> (artifact id: 'cba168861fea513bc164ce65a386fdae') in 0.019690 seconds 
========================================================================
Received Import Request.
  Time since last request: 0.000213 seconds.
  path: Assets/UniversalRenderPipelineAsset_Renderer.asset
  artifactKey: Guid(775cbdebe1930d54687de0c6c8923deb) Importer(815301076,1909f56bfc062723c751e8b465ee728b)
Start importing Assets/UniversalRenderPipelineAsset_Renderer.asset using Guid(775cbdebe1930d54687de0c6c8923deb) Importer(815301076,1909f56bfc062723c751e8b465ee728b)  -> (artifact id: '98c139f2d24c66548a49eeefe024e768') in 0.003028 seconds 
========================================================================
Received Import Request.
  Time since last request: 8.371604 seconds.
  path: Assets/Scenes/Game.unity
  artifactKey: Guid(9fc0d4010bbf28b4594072e72b8655ab) Importer(815301076,1909f56bfc062723c751e8b465ee728b)
Start importing Assets/Scenes/Game.unity using Guid(9fc0d4010bbf28b4594072e72b8655ab) Importer(815301076,1909f56bfc062723c751e8b465ee728b)  -> (artifact id: '8e860dc1e90e24ead956814f1c55db11') in 0.002592 seconds 
========================================================================
Received Prepare
Registering precompiled user dll's ...
Registered in 0.004403 seconds.
Begin MonoManager ReloadAssembly
Native extension for WindowsStandalone target not found
Native extension for WebGL target not found
Refreshing native plugins compatible for Editor in 0.50 ms, found 2 plugins.
Preloading 0 native plugins for Editor in 0.00 ms.
Warning: Annotation not found!
UnityEngine.StackTraceUtility:ExtractStackTrace ()
UnityEditor.ProBuilder.EditorUtility:SetGizmoIconEnabled (System.Type,bool) (at Library/PackageCache/com.unity.probuilder@5.0.3/Editor/EditorCore/EditorUtility.cs:575)
UnityEditor.ProBuilder.HierarchyListener:.cctor () (at Library/PackageCache/com.unity.probuilder@5.0.3/Editor/EditorCore/HierarchyListener.cs:21)
System.Runtime.CompilerServices.RuntimeHelpers:RunClassConstructor (System.RuntimeTypeHandle)
UnityEditor.EditorAssemblies:ProcessInitializeOnLoadAttributes (System.Type[])

[Library/PackageCache/com.unity.probuilder@5.0.3/Editor/EditorCore/EditorUtility.cs line 575]

Mono: successfully reloaded assembly
- Completed reload, in  1.110 seconds
Platform modules already initialized, skipping
Shader 'Universal Render Pipeline/Particles/Lit': fallback shader 'Universal Render Pipeline/Particles/SimpleLit' not found
Refreshing native plugins compatible for Editor in 0.68 ms, found 2 plugins.
Preloading 0 native plugins for Editor in 0.00 ms.
Unloading 3011 Unused Serialized files (Serialized files now loaded: 0)
System memory in use before: 135.7 MB.
System memory in use after: 135.9 MB.

Unloading 17 unused Assets to reduce memory usage. Loaded Objects now: 3593.
Total: 3.244800 ms (FindLiveObjects: 0.226200 ms CreateObjectMapping: 0.194100 ms MarkObjects: 2.569800 ms  DeleteObjects: 0.253900 ms)

========================================================================
Received Import Request.
  Time since last request: 270.508604 seconds.
  path: Assets/Scenes/Game
  artifactKey: Guid(ee161788e76c5544a99e9c180e145ee7) Importer(815301076,1909f56bfc062723c751e8b465ee728b)
Start importing Assets/Scenes/Game using Guid(ee161788e76c5544a99e9c180e145ee7) Importer(815301076,1909f56bfc062723c751e8b465ee728b)  -> (artifact id: 'dfc047ebd08fccc3316af2265848c40d') in 0.005688 seconds 
========================================================================
Received Import Request.
  Time since last request: 0.039376 seconds.
  path: Assets/Scenes/Game/LightingData.asset
  artifactKey: Guid(d0179a7226b703849996ec85e79f8035) Importer(815301076,1909f56bfc062723c751e8b465ee728b)
Start importing Assets/Scenes/Game/LightingData.asset using Guid(d0179a7226b703849996ec85e79f8035) Importer(815301076,1909f56bfc062723c751e8b465ee728b)  -> (artifact id: '8847345e570028a8a116559d5a05df8c') in 0.006822 seconds 
========================================================================
Received Import Request.
  Time since last request: 0.000173 seconds.
  path: Assets/Scenes/Game/Lightmap-0_comp_light.exr
  artifactKey: Guid(97220d5e4d2646c418a9eadcbf7bdb93) Importer(815301076,1909f56bfc062723c751e8b465ee728b)
Start importing Assets/Scenes/Game/Lightmap-0_comp_light.exr using Guid(97220d5e4d2646c418a9eadcbf7bdb93) Importer(815301076,1909f56bfc062723c751e8b465ee728b)  -> (artifact id: '0705cb164104b96bfa3c0d022d5199d9') in 0.050972 seconds 
========================================================================
Received Import Request.
  Time since last request: 0.000212 seconds.
  path: Assets/Scenes/Game/Lightmap-1_comp_dir.png
  artifactKey: Guid(d2facc8c21da40c4489e76ec9efe809f) Importer(815301076,1909f56bfc062723c751e8b465ee728b)
Start importing Assets/Scenes/Game/Lightmap-1_comp_dir.png using Guid(d2facc8c21da40c4489e76ec9efe809f) Importer(815301076,1909f56bfc062723c751e8b465ee728b)  -> (artifact id: '5e8d97d3bc80d6ac2eff1c41aba9ca1f') in 0.051616 seconds 
========================================================================
Received Import Request.
  Time since last request: 0.000141 seconds.
  path: Assets/Scenes/Game/Lightmap-1_comp_shadowmask.png
  artifactKey: Guid(ea6baa0f7336eec42803c960849df953) Importer(815301076,1909f56bfc062723c751e8b465ee728b)
Start importing Assets/Scenes/Game/Lightmap-1_comp_shadowmask.png using Guid(ea6baa0f7336eec42803c960849df953) Importer(815301076,1909f56bfc062723c751e8b465ee728b)  -> (artifact id: 'c87fefb2d201f82be8874d775f53d07d') in 0.008860 seconds 
========================================================================
Received Import Request.
  Time since last request: 0.000200 seconds.
  path: Assets/Scenes/Game/Lightmap-0_comp_shadowmask.png
  artifactKey: Guid(a8ef23829fb72ca4480195972fae631d) Importer(815301076,1909f56bfc062723c751e8b465ee728b)
Start importing Assets/Scenes/Game/Lightmap-0_comp_shadowmask.png using Guid(a8ef23829fb72ca4480195972fae631d) Importer(815301076,1909f56bfc062723c751e8b465ee728b)  -> (artifact id: 'cfcfbeae29ad4b5fdaf8f17296e15c41') in 0.008450 seconds 
========================================================================
Received Import Request.
  Time since last request: 0.000157 seconds.
  path: Assets/Scenes/Game/Lightmap-1_comp_light.exr
  artifactKey: Guid(b2698901c6267eb4b8882bc8861e4f59) Importer(815301076,1909f56bfc062723c751e8b465ee728b)
Start importing Assets/Scenes/Game/Lightmap-1_comp_light.exr using Guid(b2698901c6267eb4b8882bc8861e4f59) Importer(815301076,1909f56bfc062723c751e8b465ee728b)  -> (artifact id: 'a74083e31dbd5c1750f23a5f6b1b52d6') in 0.011811 seconds 
========================================================================
Received Import Request.
  Time since last request: 0.000168 seconds.
  path: Assets/Scenes/Game/ReflectionProbe-0.exr
  artifactKey: Guid(7aa8a7f10909d8243a9187d0fbe11e2b) Importer(815301076,1909f56bfc062723c751e8b465ee728b)
Start importing Assets/Scenes/Game/ReflectionProbe-0.exr using Guid(7aa8a7f10909d8243a9187d0fbe11e2b) Importer(815301076,1909f56bfc062723c751e8b465ee728b)  -> (artifact id: '1e98d2e356c985267ccdd9f120c365f9') in 0.027713 seconds 
========================================================================
Received Import Request.
  Time since last request: 0.000105 seconds.
  path: Assets/Scenes/Game/Lightmap-0_comp_dir.png
  artifactKey: Guid(f413a7f52b437d04fb049cbddc0e687d) Importer(815301076,1909f56bfc062723c751e8b465ee728b)
Start importing Assets/Scenes/Game/Lightmap-0_comp_dir.png using Guid(f413a7f52b437d04fb049cbddc0e687d) Importer(815301076,1909f56bfc062723c751e8b465ee728b)  -> (artifact id: 'c11c83d667331b6bcb9aae43a3c8171f') in 0.008874 seconds 
========================================================================
Received Import Request.
  Time since last request: 4.745508 seconds.
  path: Assets/Ressources/coded-data.gif
  artifactKey: Guid(bde4e35933fd4f94b9defee9dde2e161) Importer(815301076,1909f56bfc062723c751e8b465ee728b)
Start importing Assets/Ressources/coded-data.gif using Guid(bde4e35933fd4f94b9defee9dde2e161) Importer(815301076,1909f56bfc062723c751e8b465ee728b)  -> (artifact id: 'bb392e1d4783e7cad476f1d70e1d3237') in 0.019591 seconds 
========================================================================
Received Import Request.
  Time since last request: 0.000183 seconds.
  path: Assets/Ressources/Name Smile.otf
  artifactKey: Guid(d4a20a13590da1043b7b5f312e16abe4) Importer(815301076,1909f56bfc062723c751e8b465ee728b)
Start importing Assets/Ressources/Name Smile.otf using Guid(d4a20a13590da1043b7b5f312e16abe4) Importer(815301076,1909f56bfc062723c751e8b465ee728b)  -> (artifact id: '59d785ae2144e05a4802c274b96dd961') in 0.118609 seconds 
========================================================================
Received Import Request.
  Time since last request: 1.114294 seconds.
  path: Assets/Materials/AnomMatérial.mat
  artifactKey: Guid(d41e376bcc176f14ebbf291ba17c5c30) Importer(815301076,1909f56bfc062723c751e8b465ee728b)
Start importing Assets/Materials/AnomMatérial.mat using Guid(d41e376bcc176f14ebbf291ba17c5c30) Importer(815301076,1909f56bfc062723c751e8b465ee728b)  -> (artifact id: '76209f39302c745e249e3344467d5fcf') in 0.016618 seconds 
========================================================================
Received Import Request.
  Time since last request: 0.000267 seconds.
  path: Assets/Materials/PlayerMaterial.mat
  artifactKey: Guid(2f8b71b0cd19d75418bc7cd0963c8b66) Importer(815301076,1909f56bfc062723c751e8b465ee728b)
Start importing Assets/Materials/PlayerMaterial.mat using Guid(2f8b71b0cd19d75418bc7cd0963c8b66) Importer(815301076,1909f56bfc062723c751e8b465ee728b)  -> (artifact id: 'b2d031e2ef826a5c35f54c856c7159e3') in 0.007985 seconds 
========================================================================
Received Import Request.
  Time since last request: 0.000172 seconds.
  path: Assets/Materials/GroundPark.mat
  artifactKey: Guid(8072548ffa965934eaa190a701328f3c) Importer(815301076,1909f56bfc062723c751e8b465ee728b)
Start importing Assets/Materials/GroundPark.mat using Guid(8072548ffa965934eaa190a701328f3c) Importer(815301076,1909f56bfc062723c751e8b465ee728b)  -> (artifact id: '3fe47e16b6405e8c0567dd83e67775ea') in 0.009878 seconds 
========================================================================
Received Import Request.
  Time since last request: 0.000156 seconds.
  path: Assets/Materials/Sol.mat
  artifactKey: Guid(a3dd94f2e45d49745b25d0576a88a2af) Importer(815301076,1909f56bfc062723c751e8b465ee728b)
Start importing Assets/Materials/Sol.mat using Guid(a3dd94f2e45d49745b25d0576a88a2af) Importer(815301076,1909f56bfc062723c751e8b465ee728b)  -> (artifact id: '6c95ce77c166faf98103e9d64ae3d71e') in 0.008276 seconds 
========================================================================
Received Import Request.
  Time since last request: 0.000234 seconds.
  path: Assets/Materials/Passe 1.mat
  artifactKey: Guid(689f48d8130d1294a9e825eea53b637d) Importer(815301076,1909f56bfc062723c751e8b465ee728b)
Start importing Assets/Materials/Passe 1.mat using Guid(689f48d8130d1294a9e825eea53b637d) Importer(815301076,1909f56bfc062723c751e8b465ee728b)  -> (artifact id: '6aa6ebf87805544fbc94e9ac72056b79') in 0.007833 seconds 
========================================================================
Received Import Request.
  Time since last request: 0.000183 seconds.
  path: Assets/Materials/GroundPark 1.mat
  artifactKey: Guid(dc0c7d38ca0255e4ab8c4c2bf849710b) Importer(815301076,1909f56bfc062723c751e8b465ee728b)
Start importing Assets/Materials/GroundPark 1.mat using Guid(dc0c7d38ca0255e4ab8c4c2bf849710b) Importer(815301076,1909f56bfc062723c751e8b465ee728b)  -> (artifact id: 'dd94f82836b4fb5d85aac33b1f2bebca') in 0.008581 seconds 
========================================================================
Received Import Request.
  Time since last request: 0.000138 seconds.
  path: Assets/Materials/Direction.mat
  artifactKey: Guid(eaa31c283cfbc024499c92fcdb30a5b0) Importer(815301076,1909f56bfc062723c751e8b465ee728b)
Start importing Assets/Materials/Direction.mat using Guid(eaa31c283cfbc024499c92fcdb30a5b0) Importer(815301076,1909f56bfc062723c751e8b465ee728b)  -> (artifact id: '8f804f170b7b5c2e0afe86362be5e7a5') in 0.010358 seconds 
========================================================================
Received Import Request.
  Time since last request: 0.000216 seconds.
  path: Assets/Materials/GarretPosMat.mat
  artifactKey: Guid(daeb6fd1c27348a4cae8736515c5687f) Importer(815301076,1909f56bfc062723c751e8b465ee728b)
Start importing Assets/Materials/GarretPosMat.mat using Guid(daeb6fd1c27348a4cae8736515c5687f) Importer(815301076,1909f56bfc062723c751e8b465ee728b)  -> (artifact id: 'd06ee53d354d1190085456bb77dbda7d') in 0.007686 seconds 
========================================================================
Received Import Request.
  Time since last request: 0.000122 seconds.
  path: Assets/Materials/BatMaterial.mat
  artifactKey: Guid(7b171c2dd73c2914e8637c9f45e4a825) Importer(815301076,1909f56bfc062723c751e8b465ee728b)
Start importing Assets/Materials/BatMaterial.mat using Guid(7b171c2dd73c2914e8637c9f45e4a825) Importer(815301076,1909f56bfc062723c751e8b465ee728b)  -> (artifact id: '0bd18c4a758df2fca6ce0b4bf6605328') in 0.008859 seconds 
========================================================================
Received Import Request.
  Time since last request: 0.000163 seconds.
  path: Assets/Materials/Statue.mat
  artifactKey: Guid(0d01eb8e224e70a4091e63ff80c547a4) Importer(815301076,1909f56bfc062723c751e8b465ee728b)
Start importing Assets/Materials/Statue.mat using Guid(0d01eb8e224e70a4091e63ff80c547a4) Importer(815301076,1909f56bfc062723c751e8b465ee728b)  -> (artifact id: 'af21be732211b390a57ff76cc66da4db') in 0.007352 seconds 
========================================================================
Received Import Request.
  Time since last request: 0.000193 seconds.
  path: Assets/Materials/LampMaterial 1.mat
  artifactKey: Guid(7778fef36658735459f28d8bab4509da) Importer(815301076,1909f56bfc062723c751e8b465ee728b)
Start importing Assets/Materials/LampMaterial 1.mat using Guid(7778fef36658735459f28d8bab4509da) Importer(815301076,1909f56bfc062723c751e8b465ee728b)  -> (artifact id: '91e8a4d297905fb1d845662682afedfd') in 0.009394 seconds 
========================================================================
Received Import Request.
  Time since last request: 0.000137 seconds.
  path: Assets/Materials/ArbreMaterial.mat
  artifactKey: Guid(d156b41bcaa297842a75ced941bd77ca) Importer(815301076,1909f56bfc062723c751e8b465ee728b)
Start importing Assets/Materials/ArbreMaterial.mat using Guid(d156b41bcaa297842a75ced941bd77ca) Importer(815301076,1909f56bfc062723c751e8b465ee728b)  -> (artifact id: '6702ca97db39cc63f258e7d0690eadd7') in 0.016828 seconds 
========================================================================
Received Import Request.
  Time since last request: 0.000165 seconds.
  path: Assets/Materials/Water.mat
  artifactKey: Guid(854d4498f45324448b2f0437367b2058) Importer(815301076,1909f56bfc062723c751e8b465ee728b)
Start importing Assets/Materials/Water.mat using Guid(854d4498f45324448b2f0437367b2058) Importer(815301076,1909f56bfc062723c751e8b465ee728b)  -> (artifact id: '58194a9f55b6f58b3f6d6b30d6b71e17') in 0.008246 seconds 
========================================================================
Received Import Request.
  Time since last request: 0.000129 seconds.
  path: Assets/Materials/TerrainArbre.mat
  artifactKey: Guid(9b3f13cc1976d6544bf1da6ac4d254a5) Importer(815301076,1909f56bfc062723c751e8b465ee728b)
Start importing Assets/Materials/TerrainArbre.mat using Guid(9b3f13cc1976d6544bf1da6ac4d254a5) Importer(815301076,1909f56bfc062723c751e8b465ee728b)  -> (artifact id: 'a630bcc1a8dd75ab80165b3751908626') in 0.007741 seconds 
========================================================================
Received Import Request.
  Time since last request: 0.000128 seconds.
  path: Assets/Materials/Fond.mat
  artifactKey: Guid(a9ec828fc7ad42843a8f8438423d6064) Importer(815301076,1909f56bfc062723c751e8b465ee728b)
Start importing Assets/Materials/Fond.mat using Guid(a9ec828fc7ad42843a8f8438423d6064) Importer(815301076,1909f56bfc062723c751e8b465ee728b)  -> (artifact id: '34fa54bbfc5da1b34e132ea445d14082') in 0.012628 seconds 
========================================================================
Received Import Request.
  Time since last request: 0.000206 seconds.
  path: Assets/Materials/Passe.mat
  artifactKey: Guid(a04d17ef743ef8747b25755d4dd82efd) Importer(815301076,1909f56bfc062723c751e8b465ee728b)
Start importing Assets/Materials/Passe.mat using Guid(a04d17ef743ef8747b25755d4dd82efd) Importer(815301076,1909f56bfc062723c751e8b465ee728b)  -> (artifact id: '5156b8e28da4b183f14f04cf840e9b32') in 0.008082 seconds 
========================================================================
Received Prepare
Registering precompiled user dll's ...
Registered in 0.003353 seconds.
Begin MonoManager ReloadAssembly
Native extension for WindowsStandalone target not found
Native extension for WebGL target not found
Refreshing native plugins compatible for Editor in 0.49 ms, found 2 plugins.
Preloading 0 native plugins for Editor in 0.00 ms.
Warning: Annotation not found!
UnityEngine.StackTraceUtility:ExtractStackTrace ()
UnityEditor.ProBuilder.EditorUtility:SetGizmoIconEnabled (System.Type,bool) (at Library/PackageCache/com.unity.probuilder@5.0.3/Editor/EditorCore/EditorUtility.cs:575)
UnityEditor.ProBuilder.HierarchyListener:.cctor () (at Library/PackageCache/com.unity.probuilder@5.0.3/Editor/EditorCore/HierarchyListener.cs:21)
System.Runtime.CompilerServices.RuntimeHelpers:RunClassConstructor (System.RuntimeTypeHandle)
UnityEditor.EditorAssemblies:ProcessInitializeOnLoadAttributes (System.Type[])

[Library/PackageCache/com.unity.probuilder@5.0.3/Editor/EditorCore/EditorUtility.cs line 575]

Mono: successfully reloaded assembly
- Completed reload, in  0.937 seconds
Platform modules already initialized, skipping
Shader 'Universal Render Pipeline/Particles/Lit': fallback shader 'Universal Render Pipeline/Particles/SimpleLit' not found
Refreshing native plugins compatible for Editor in 0.44 ms, found 2 plugins.
Preloading 0 native plugins for Editor in 0.00 ms.
Unloading 3018 Unused Serialized files (Serialized files now loaded: 0)
System memory in use before: 156.3 MB.
System memory in use after: 156.5 MB.

Unloading 15 unused Assets to reduce memory usage. Loaded Objects now: 3820.
Total: 2.613500 ms (FindLiveObjects: 0.186600 ms CreateObjectMapping: 0.100900 ms MarkObjects: 2.279500 ms  DeleteObjects: 0.045800 ms)

========================================================================
Received Prepare
Registering precompiled user dll's ...
Registered in 0.003368 seconds.
Begin MonoManager ReloadAssembly
Native extension for WindowsStandalone target not found
Native extension for WebGL target not found
Refreshing native plugins compatible for Editor in 0.49 ms, found 2 plugins.
Preloading 0 native plugins for Editor in 0.00 ms.
Warning: Annotation not found!
UnityEngine.StackTraceUtility:ExtractStackTrace ()
UnityEditor.ProBuilder.EditorUtility:SetGizmoIconEnabled (System.Type,bool) (at Library/PackageCache/com.unity.probuilder@5.0.3/Editor/EditorCore/EditorUtility.cs:575)
UnityEditor.ProBuilder.HierarchyListener:.cctor () (at Library/PackageCache/com.unity.probuilder@5.0.3/Editor/EditorCore/HierarchyListener.cs:21)
System.Runtime.CompilerServices.RuntimeHelpers:RunClassConstructor (System.RuntimeTypeHandle)
UnityEditor.EditorAssemblies:ProcessInitializeOnLoadAttributes (System.Type[])

[Library/PackageCache/com.unity.probuilder@5.0.3/Editor/EditorCore/EditorUtility.cs line 575]

Mono: successfully reloaded assembly
- Completed reload, in  0.991 seconds
Platform modules already initialized, skipping
Switching build target platform(19) subTarget(0) extendedPlatform(0) -> platform(13) subTarget(537395200) extendedPlatform(0)
Shader 'Universal Render Pipeline/Particles/Lit': fallback shader 'Universal Render Pipeline/Particles/SimpleLit' not found
Refreshing native plugins compatible for Editor in 0.50 ms, found 2 plugins.
Preloading 0 native plugins for Editor in 0.00 ms.
Unloading 3013 Unused Serialized files (Serialized files now loaded: 0)
System memory in use before: 154.3 MB.
System memory in use after: 154.4 MB.

Unloading 15 unused Assets to reduce memory usage. Loaded Objects now: 3822.
Total: 2.429300 ms (FindLiveObjects: 0.193300 ms CreateObjectMapping: 0.109800 ms MarkObjects: 2.083900 ms  DeleteObjects: 0.041700 ms)

AssetImportParameters requested are different than current active one (requested -> active):
  custom:graphics/normal-map-encoding: 01000000000000000000000000000000 -> 02000000000000000000000000000000
========================================================================
Received Prepare
Shader 'Universal Render Pipeline/Particles/Lit': fallback shader 'Universal Render Pipeline/Particles/SimpleLit' not found
Refreshing native plugins compatible for Editor in 2.91 ms, found 2 plugins.
Preloading 0 native plugins for Editor in 0.00 ms.
Unloading 10 Unused Serialized files (Serialized files now loaded: 0)
System memory in use before: 94.8 MB.
System memory in use after: 94.9 MB.

Unloading 10 unused Assets to reduce memory usage. Loaded Objects now: 3822.
Total: 2.642000 ms (FindLiveObjects: 0.206800 ms CreateObjectMapping: 0.104400 ms MarkObjects: 2.298400 ms  DeleteObjects: 0.031800 ms)

========================================================================
Received Prepare
Registering precompiled user dll's ...
Registered in 0.003288 seconds.
Begin MonoManager ReloadAssembly
Native extension for WindowsStandalone target not found
Native extension for WebGL target not found
Refreshing native plugins compatible for Editor in 0.44 ms, found 2 plugins.
Preloading 0 native plugins for Editor in 0.00 ms.
Warning: Annotation not found!
UnityEngine.StackTraceUtility:ExtractStackTrace ()
UnityEditor.ProBuilder.EditorUtility:SetGizmoIconEnabled (System.Type,bool) (at Library/PackageCache/com.unity.probuilder@5.0.3/Editor/EditorCore/EditorUtility.cs:575)
UnityEditor.ProBuilder.HierarchyListener:.cctor () (at Library/PackageCache/com.unity.probuilder@5.0.3/Editor/EditorCore/HierarchyListener.cs:21)
System.Runtime.CompilerServices.RuntimeHelpers:RunClassConstructor (System.RuntimeTypeHandle)
UnityEditor.EditorAssemblies:ProcessInitializeOnLoadAttributes (System.Type[])

[Library/PackageCache/com.unity.probuilder@5.0.3/Editor/EditorCore/EditorUtility.cs line 575]

Mono: successfully reloaded assembly
- Completed reload, in  0.965 seconds
Platform modules already initialized, skipping
Switching build target platform(19) subTarget(0) extendedPlatform(0) -> platform(13) subTarget(537395200) extendedPlatform(0)
Shader 'Universal Render Pipeline/Particles/Lit': fallback shader 'Universal Render Pipeline/Particles/SimpleLit' not found
Refreshing native plugins compatible for Editor in 0.44 ms, found 2 plugins.
Preloading 0 native plugins for Editor in 0.00 ms.
Unloading 3013 Unused Serialized files (Serialized files now loaded: 0)
System memory in use before: 154.2 MB.
System memory in use after: 154.4 MB.

Unloading 15 unused Assets to reduce memory usage. Loaded Objects now: 3824.
Total: 2.640500 ms (FindLiveObjects: 0.212300 ms CreateObjectMapping: 0.107800 ms MarkObjects: 2.284900 ms  DeleteObjects: 0.034800 ms)

AssetImportParameters requested are different than current active one (requested -> active):
  custom:graphics/normal-map-encoding: 01000000000000000000000000000000 -> 02000000000000000000000000000000
========================================================================
Received Import Request.
  Time since last request: 7687.289287 seconds.
  path: Assets/Scripts/MoveLigne.cs
  artifactKey: Guid(c920b7cea96cd6b4186962931dc6c992) Importer(815301076,1909f56bfc062723c751e8b465ee728b)
Start importing Assets/Scripts/MoveLigne.cs using Guid(c920b7cea96cd6b4186962931dc6c992) Importer(815301076,1909f56bfc062723c751e8b465ee728b)  -> (artifact id: '45f912d1675858c8d0ebeccef7ff85c3') in 0.015487 seconds 
========================================================================
Received Prepare
Registering precompiled user dll's ...
Registered in 0.003274 seconds.
Begin MonoManager ReloadAssembly
Native extension for WindowsStandalone target not found
Native extension for WebGL target not found
Refreshing native plugins compatible for Editor in 0.45 ms, found 2 plugins.
Preloading 0 native plugins for Editor in 0.00 ms.
Warning: Annotation not found!
UnityEngine.StackTraceUtility:ExtractStackTrace ()
UnityEditor.ProBuilder.EditorUtility:SetGizmoIconEnabled (System.Type,bool) (at Library/PackageCache/com.unity.probuilder@5.0.3/Editor/EditorCore/EditorUtility.cs:575)
UnityEditor.ProBuilder.HierarchyListener:.cctor () (at Library/PackageCache/com.unity.probuilder@5.0.3/Editor/EditorCore/HierarchyListener.cs:21)
System.Runtime.CompilerServices.RuntimeHelpers:RunClassConstructor (System.RuntimeTypeHandle)
UnityEditor.EditorAssemblies:ProcessInitializeOnLoadAttributes (System.Type[])

[Library/PackageCache/com.unity.probuilder@5.0.3/Editor/EditorCore/EditorUtility.cs line 575]

Mono: successfully reloaded assembly
- Completed reload, in  0.972 seconds
Platform modules already initialized, skipping
Switching build target platform(19) subTarget(0) extendedPlatform(0) -> platform(13) subTarget(537395200) extendedPlatform(0)
Shader 'Universal Render Pipeline/Particles/Lit': fallback shader 'Universal Render Pipeline/Particles/SimpleLit' not found
Refreshing native plugins compatible for Editor in 0.44 ms, found 2 plugins.
Preloading 0 native plugins for Editor in 0.00 ms.
Unloading 3013 Unused Serialized files (Serialized files now loaded: 0)
System memory in use before: 154.2 MB.
System memory in use after: 154.4 MB.

Unloading 15 unused Assets to reduce memory usage. Loaded Objects now: 3826.
Total: 2.434600 ms (FindLiveObjects: 0.206900 ms CreateObjectMapping: 0.089500 ms MarkObjects: 2.097100 ms  DeleteObjects: 0.040400 ms)

AssetImportParameters requested are different than current active one (requested -> active):
  custom:graphics/normal-map-encoding: 01000000000000000000000000000000 -> 02000000000000000000000000000000
========================================================================
Received Import Request.
  Time since last request: 64.113903 seconds.
  path: Assets/Scripts/MoveLigne.cs
  artifactKey: Guid(c920b7cea96cd6b4186962931dc6c992) Importer(815301076,1909f56bfc062723c751e8b465ee728b)
Start importing Assets/Scripts/MoveLigne.cs using Guid(c920b7cea96cd6b4186962931dc6c992) Importer(815301076,1909f56bfc062723c751e8b465ee728b)  -> (artifact id: '5ed255a27b04c6978b38a1bab3c2a999') in 0.004705 seconds 
========================================================================
Received Prepare
Registering precompiled user dll's ...
Registered in 0.003373 seconds.
Begin MonoManager ReloadAssembly
Native extension for WindowsStandalone target not found
Native extension for WebGL target not found
Refreshing native plugins compatible for Editor in 0.45 ms, found 2 plugins.
Preloading 0 native plugins for Editor in 0.00 ms.
Warning: Annotation not found!
UnityEngine.StackTraceUtility:ExtractStackTrace ()
UnityEditor.ProBuilder.EditorUtility:SetGizmoIconEnabled (System.Type,bool) (at Library/PackageCache/com.unity.probuilder@5.0.3/Editor/EditorCore/EditorUtility.cs:575)
UnityEditor.ProBuilder.HierarchyListener:.cctor () (at Library/PackageCache/com.unity.probuilder@5.0.3/Editor/EditorCore/HierarchyListener.cs:21)
System.Runtime.CompilerServices.RuntimeHelpers:RunClassConstructor (System.RuntimeTypeHandle)
UnityEditor.EditorAssemblies:ProcessInitializeOnLoadAttributes (System.Type[])

[Library/PackageCache/com.unity.probuilder@5.0.3/Editor/EditorCore/EditorUtility.cs line 575]

Mono: successfully reloaded assembly
- Completed reload, in  1.002 seconds
Platform modules already initialized, skipping
Switching build target platform(19) subTarget(0) extendedPlatform(0) -> platform(13) subTarget(537395200) extendedPlatform(0)
Shader 'Universal Render Pipeline/Particles/Lit': fallback shader 'Universal Render Pipeline/Particles/SimpleLit' not found
Refreshing native plugins compatible for Editor in 0.45 ms, found 2 plugins.
Preloading 0 native plugins for Editor in 0.00 ms.
Unloading 3013 Unused Serialized files (Serialized files now loaded: 0)
System memory in use before: 154.2 MB.
System memory in use after: 154.4 MB.

Unloading 15 unused Assets to reduce memory usage. Loaded Objects now: 3828.
Total: 2.425000 ms (FindLiveObjects: 0.189300 ms CreateObjectMapping: 0.116400 ms MarkObjects: 2.079000 ms  DeleteObjects: 0.039500 ms)

AssetImportParameters requested are different than current active one (requested -> active):
  custom:graphics/normal-map-encoding: 01000000000000000000000000000000 -> 02000000000000000000000000000000
========================================================================
Received Prepare
Registering precompiled user dll's ...
Registered in 0.003348 seconds.
Begin MonoManager ReloadAssembly
Native extension for WindowsStandalone target not found
Native extension for WebGL target not found
Refreshing native plugins compatible for Editor in 0.44 ms, found 2 plugins.
Preloading 0 native plugins for Editor in 0.00 ms.
Warning: Annotation not found!
UnityEngine.StackTraceUtility:ExtractStackTrace ()
UnityEditor.ProBuilder.EditorUtility:SetGizmoIconEnabled (System.Type,bool) (at Library/PackageCache/com.unity.probuilder@5.0.3/Editor/EditorCore/EditorUtility.cs:575)
UnityEditor.ProBuilder.HierarchyListener:.cctor () (at Library/PackageCache/com.unity.probuilder@5.0.3/Editor/EditorCore/HierarchyListener.cs:21)
System.Runtime.CompilerServices.RuntimeHelpers:RunClassConstructor (System.RuntimeTypeHandle)
UnityEditor.EditorAssemblies:ProcessInitializeOnLoadAttributes (System.Type[])

[Library/PackageCache/com.unity.probuilder@5.0.3/Editor/EditorCore/EditorUtility.cs line 575]

Mono: successfully reloaded assembly
- Completed reload, in  1.047 seconds
Platform modules already initialized, skipping
Switching build target platform(19) subTarget(0) extendedPlatform(0) -> platform(13) subTarget(537395200) extendedPlatform(0)
Shader 'Universal Render Pipeline/Particles/Lit': fallback shader 'Universal Render Pipeline/Particles/SimpleLit' not found
Refreshing native plugins compatible for Editor in 0.45 ms, found 2 plugins.
Preloading 0 native plugins for Editor in 0.00 ms.
Unloading 3013 Unused Serialized files (Serialized files now loaded: 0)
System memory in use before: 154.3 MB.
System memory in use after: 154.4 MB.

Unloading 15 unused Assets to reduce memory usage. Loaded Objects now: 3830.
Total: 2.316800 ms (FindLiveObjects: 0.180100 ms CreateObjectMapping: 0.084200 ms MarkObjects: 2.007100 ms  DeleteObjects: 0.044700 ms)

AssetImportParameters requested are different than current active one (requested -> active):
  custom:graphics/normal-map-encoding: 01000000000000000000000000000000 -> 02000000000000000000000000000000
========================================================================
Received Import Request.
  Time since last request: 42.715764 seconds.
  path: Assets/Scripts/MoveLigne.cs
  artifactKey: Guid(c920b7cea96cd6b4186962931dc6c992) Importer(815301076,1909f56bfc062723c751e8b465ee728b)
Start importing Assets/Scripts/MoveLigne.cs using Guid(c920b7cea96cd6b4186962931dc6c992) Importer(815301076,1909f56bfc062723c751e8b465ee728b)  -> (artifact id: 'c7ef8ef6e4331c66be8ecb76d7e7042b') in 0.004560 seconds 
========================================================================
Received Prepare
Registering precompiled user dll's ...
Registered in 0.003392 seconds.
Begin MonoManager ReloadAssembly
Native extension for WindowsStandalone target not found
Native extension for WebGL target not found
Refreshing native plugins compatible for Editor in 0.43 ms, found 2 plugins.
Preloading 0 native plugins for Editor in 0.00 ms.
Warning: Annotation not found!
UnityEngine.StackTraceUtility:ExtractStackTrace ()
UnityEditor.ProBuilder.EditorUtility:SetGizmoIconEnabled (System.Type,bool) (at Library/PackageCache/com.unity.probuilder@5.0.3/Editor/EditorCore/EditorUtility.cs:575)
UnityEditor.ProBuilder.HierarchyListener:.cctor () (at Library/PackageCache/com.unity.probuilder@5.0.3/Editor/EditorCore/HierarchyListener.cs:21)
System.Runtime.CompilerServices.RuntimeHelpers:RunClassConstructor (System.RuntimeTypeHandle)
UnityEditor.EditorAssemblies:ProcessInitializeOnLoadAttributes (System.Type[])

[Library/PackageCache/com.unity.probuilder@5.0.3/Editor/EditorCore/EditorUtility.cs line 575]

Mono: successfully reloaded assembly
- Completed reload, in  1.005 seconds
Platform modules already initialized, skipping
Switching build target platform(19) subTarget(0) extendedPlatform(0) -> platform(13) subTarget(537395200) extendedPlatform(0)
Shader 'Universal Render Pipeline/Particles/Lit': fallback shader 'Universal Render Pipeline/Particles/SimpleLit' not found
Refreshing native plugins compatible for Editor in 0.52 ms, found 2 plugins.
Preloading 0 native plugins for Editor in 0.00 ms.
Unloading 3013 Unused Serialized files (Serialized files now loaded: 0)
System memory in use before: 154.3 MB.
System memory in use after: 154.5 MB.

Unloading 15 unused Assets to reduce memory usage. Loaded Objects now: 3832.
Total: 2.317900 ms (FindLiveObjects: 0.194500 ms CreateObjectMapping: 0.106000 ms MarkObjects: 1.979800 ms  DeleteObjects: 0.037000 ms)

AssetImportParameters requested are different than current active one (requested -> active):
  custom:graphics/normal-map-encoding: 01000000000000000000000000000000 -> 02000000000000000000000000000000
========================================================================
Received Prepare
Registering precompiled user dll's ...
Registered in 0.003440 seconds.
Begin MonoManager ReloadAssembly
Native extension for WindowsStandalone target not found
Native extension for WebGL target not found
Refreshing native plugins compatible for Editor in 0.49 ms, found 2 plugins.
Preloading 0 native plugins for Editor in 0.00 ms.
Warning: Annotation not found!
UnityEngine.StackTraceUtility:ExtractStackTrace ()
UnityEditor.ProBuilder.EditorUtility:SetGizmoIconEnabled (System.Type,bool) (at Library/PackageCache/com.unity.probuilder@5.0.3/Editor/EditorCore/EditorUtility.cs:575)
UnityEditor.ProBuilder.HierarchyListener:.cctor () (at Library/PackageCache/com.unity.probuilder@5.0.3/Editor/EditorCore/HierarchyListener.cs:21)
System.Runtime.CompilerServices.RuntimeHelpers:RunClassConstructor (System.RuntimeTypeHandle)
UnityEditor.EditorAssemblies:ProcessInitializeOnLoadAttributes (System.Type[])

[Library/PackageCache/com.unity.probuilder@5.0.3/Editor/EditorCore/EditorUtility.cs line 575]

Mono: successfully reloaded assembly
- Completed reload, in  1.040 seconds
Platform modules already initialized, skipping
Switching build target platform(19) subTarget(0) extendedPlatform(0) -> platform(13) subTarget(537395200) extendedPlatform(0)
Shader 'Universal Render Pipeline/Particles/Lit': fallback shader 'Universal Render Pipeline/Particles/SimpleLit' not found
Refreshing native plugins compatible for Editor in 0.45 ms, found 2 plugins.
Preloading 0 native plugins for Editor in 0.00 ms.
Unloading 3013 Unused Serialized files (Serialized files now loaded: 0)
System memory in use before: 154.3 MB.
System memory in use after: 154.5 MB.

Unloading 15 unused Assets to reduce memory usage. Loaded Objects now: 3834.
Total: 2.622700 ms (FindLiveObjects: 0.218700 ms CreateObjectMapping: 0.101200 ms MarkObjects: 2.253000 ms  DeleteObjects: 0.049100 ms)

AssetImportParameters requested are different than current active one (requested -> active):
  custom:graphics/normal-map-encoding: 01000000000000000000000000000000 -> 02000000000000000000000000000000
========================================================================
Received Prepare
Shader 'Universal Render Pipeline/Particles/Lit': fallback shader 'Universal Render Pipeline/Particles/SimpleLit' not found
Refreshing native plugins compatible for Editor in 3.01 ms, found 2 plugins.
Preloading 0 native plugins for Editor in 0.00 ms.
Unloading 10 Unused Serialized files (Serialized files now loaded: 0)
System memory in use before: 94.9 MB.
System memory in use after: 95.1 MB.

Unloading 10 unused Assets to reduce memory usage. Loaded Objects now: 3834.
Total: 2.695500 ms (FindLiveObjects: 0.235900 ms CreateObjectMapping: 0.117600 ms MarkObjects: 2.302600 ms  DeleteObjects: 0.038800 ms)

========================================================================
Received Prepare
Registering precompiled user dll's ...
Registered in 0.003721 seconds.
Begin MonoManager ReloadAssembly
Native extension for WindowsStandalone target not found
Native extension for WebGL target not found
Refreshing native plugins compatible for Editor in 0.49 ms, found 2 plugins.
Preloading 0 native plugins for Editor in 0.00 ms.
Warning: Annotation not found!
UnityEngine.StackTraceUtility:ExtractStackTrace ()
UnityEditor.ProBuilder.EditorUtility:SetGizmoIconEnabled (System.Type,bool) (at Library/PackageCache/com.unity.probuilder@5.0.3/Editor/EditorCore/EditorUtility.cs:575)
UnityEditor.ProBuilder.HierarchyListener:.cctor () (at Library/PackageCache/com.unity.probuilder@5.0.3/Editor/EditorCore/HierarchyListener.cs:21)
System.Runtime.CompilerServices.RuntimeHelpers:RunClassConstructor (System.RuntimeTypeHandle)
UnityEditor.EditorAssemblies:ProcessInitializeOnLoadAttributes (System.Type[])

[Library/PackageCache/com.unity.probuilder@5.0.3/Editor/EditorCore/EditorUtility.cs line 575]

Mono: successfully reloaded assembly
- Completed reload, in  1.243 seconds
Platform modules already initialized, skipping
Switching build target platform(19) subTarget(0) extendedPlatform(0) -> platform(13) subTarget(537395200) extendedPlatform(0)
Shader 'Universal Render Pipeline/Particles/Lit': fallback shader 'Universal Render Pipeline/Particles/SimpleLit' not found
Refreshing native plugins compatible for Editor in 0.48 ms, found 2 plugins.
Preloading 0 native plugins for Editor in 0.00 ms.
Unloading 3013 Unused Serialized files (Serialized files now loaded: 0)
System memory in use before: 154.3 MB.
System memory in use after: 154.5 MB.

Unloading 15 unused Assets to reduce memory usage. Loaded Objects now: 3836.
Total: 2.852700 ms (FindLiveObjects: 0.285200 ms CreateObjectMapping: 0.151600 ms MarkObjects: 2.342400 ms  DeleteObjects: 0.072100 ms)

AssetImportParameters requested are different than current active one (requested -> active):
  custom:graphics/normal-map-encoding: 01000000000000000000000000000000 -> 02000000000000000000000000000000
AssetImportWorkerClient::OnTransportError - code=2 error=End of file
